<?xml version="1.0" encoding="UTF-8"?>
<robot generator="Robot 5.0.1 (Python 3.9.13 on linux)" generated="20230510 16:31:33.235" rpa="true" schemaversion="3">
<suite id="s1" name="Tasks" source="/home/karx/Documents/intern Assi/tasks.robot">
<test id="s1-t1" name="Automate" line="20">
<kw name="Read excel file to get movie list">
<var>${search_values}</var>
<kw name="Open Workbook" library="RPA.Excel.Files">
<arg>movies.xlsx</arg>
<doc>Open an existing Excel workbook.</doc>
<msg timestamp="20230510 16:31:34.770" level="INFO">Opened workbook: &lt;RPA.Excel.Files.XlsxWorkbook object at 0x7f30d6ffc6d0&gt;</msg>
<status status="PASS" starttime="20230510 16:31:34.753" endtime="20230510 16:31:34.771"/>
</kw>
<kw name="Read Worksheet As Table" library="RPA.Excel.Files">
<var>${search_values}</var>
<arg>header=True</arg>
<doc>Read the contents of a worksheet into a Table container. Allows
sorting/filtering/manipulating using the ``RPA.Tables`` library.</doc>
<msg timestamp="20230510 16:31:34.773" level="INFO">Created table: Table(columns=['Movie'], rows=5)</msg>
<msg timestamp="20230510 16:31:34.774" level="INFO">${search_values} = Table(columns=['Movie'], rows=5)</msg>
<status status="PASS" starttime="20230510 16:31:34.772" endtime="20230510 16:31:34.774"/>
</kw>
<kw name="Close Workbook" library="RPA.Excel.Files">
<doc>Close the active workbook.</doc>
<msg timestamp="20230510 16:31:34.775" level="INFO">Closing workbook: &lt;RPA.Excel.Files.XlsxWorkbook object at 0x7f30d6ffc6d0&gt;</msg>
<status status="PASS" starttime="20230510 16:31:34.775" endtime="20230510 16:31:34.776"/>
</kw>
<return>
<value>${search_values}</value>
<status status="PASS" starttime="20230510 16:31:34.776" endtime="20230510 16:31:34.777"/>
</return>
<msg timestamp="20230510 16:31:34.778" level="INFO">${search_values} = Table(columns=['Movie'], rows=5)</msg>
<status status="PASS" starttime="20230510 16:31:34.751" endtime="20230510 16:31:34.778"/>
</kw>
<kw name="Open Available Browser" library="RPA.Browser.Selenium">
<doc>Attempts to open a browser on the user's device from a set of
supported browsers. Automatically downloads a corresponding webdriver
if none is already installed.</doc>
<msg timestamp="20230510 16:31:34.782" level="INFO">Creating an instance of the Chrome WebDriver.</msg>
<msg timestamp="20230510 16:31:34.783" level="INFO">Applicable driver not found; attempting to install with Selenium Manager (Beta)</msg>
<msg timestamp="20230510 16:31:36.125" level="INFO">Created Chrome browser with arguments: --disable-dev-shm-usage --disable-web-security --allow-running-insecure-content --no-sandbox</msg>
<msg timestamp="20230510 16:31:36.126" level="INFO" html="true">&lt;p&gt;Attempted combinations:&lt;/p&gt;&lt;div class="doc"&gt;&lt;table&gt;&lt;tr&gt;&lt;th&gt;Browser&lt;/th&gt;&lt;th&gt;Download&lt;/th&gt;&lt;th&gt;Error&lt;/th&gt;&lt;/tr&gt;&lt;tr&gt;&lt;td&gt;Chrome&lt;/td&gt;&lt;td&gt;False&lt;/td&gt;&lt;td&gt;&lt;/td&gt;&lt;/tr&gt;&lt;/table&gt;&lt;/div&gt;</msg>
<status status="PASS" starttime="20230510 16:31:34.780" endtime="20230510 16:31:36.126"/>
</kw>
<kw name="Maximize Browser Window" library="RPA.Browser.Selenium">
<doc>Maximizes current browser window.</doc>
<status status="PASS" starttime="20230510 16:31:36.128" endtime="20230510 16:31:36.249"/>
</kw>
<for flavor="IN">
<var>${search_value}</var>
<value>@{search_values}</value>
<iter>
<var name="${search_value}">{'Movie': 'The Matrix'}</var>
<kw name="Set Variable" library="BuiltIn">
<var>${search_value}</var>
<arg>${search_value}[Movie]</arg>
<doc>Returns the given values which can then be assigned to a variables.</doc>
<msg timestamp="20230510 16:31:36.255" level="INFO">${search_value} = The Matrix</msg>
<status status="PASS" starttime="20230510 16:31:36.254" endtime="20230510 16:31:36.255"/>
</kw>
<kw name="Open browser and search">
<arg>${search_value}</arg>
<kw name="Go To" library="RPA.Browser.Selenium">
<arg>${BASE_URL}${search_value}</arg>
<doc>Navigates the current browser window to the provided ``url``.</doc>
<msg timestamp="20230510 16:31:36.257" level="INFO">Opening url 'https://www.rottentomatoes.com/search?search=The Matrix'</msg>
<status status="PASS" starttime="20230510 16:31:36.256" endtime="20230510 16:31:45.314"/>
</kw>
<kw name="Click Element" library="RPA.Browser.Selenium">
<arg>xpath://li[@data-filter='movie']</arg>
<doc>Click the element identified by ``locator``.</doc>
<msg timestamp="20230510 16:31:45.317" level="INFO">Clicking element 'xpath://li[@data-filter='movie']'.</msg>
<status status="PASS" starttime="20230510 16:31:45.316" endtime="20230510 16:31:45.890"/>
</kw>
<status status="PASS" starttime="20230510 16:31:36.255" endtime="20230510 16:31:45.892"/>
</kw>
<kw name="extract similar movies">
<var>${search_results}</var>
<arg>${search_value}</arg>
<kw name="Wait Until Element Is Visible" library="RPA.Browser.Selenium">
<arg>xpath://search-page-result[@type='movie']//ul[@slot='list']</arg>
<doc>Waits until the element ``locator`` is visible.</doc>
<status status="PASS" starttime="20230510 16:31:45.894" endtime="20230510 16:31:45.967"/>
</kw>
<kw name="Get WebElements" library="RPA.Browser.Selenium">
<var>${search_results}</var>
<arg>xpath://search-page-result[@type='movie']//ul[@slot='list']//a[@class='unset']</arg>
<doc>Returns a list of WebElement objects matching the ``locator``.</doc>
<msg timestamp="20230510 16:31:46.112" level="INFO">${search_results} = [&lt;selenium.webdriver.remote.webelement.WebElement (session="e87acd4cbc69052dbbd8996ec2e87ceb", element="b32bae20-7104-4ce9-810c-55ce90aafb7b")&gt;, &lt;selenium.webdriver.remote.webelement.WebElement (sessi...</msg>
<status status="PASS" starttime="20230510 16:31:45.968" endtime="20230510 16:31:46.112"/>
</kw>
<return>
<value>${search_results}</value>
<status status="PASS" starttime="20230510 16:31:46.113" endtime="20230510 16:31:46.113"/>
</return>
<msg timestamp="20230510 16:31:46.114" level="INFO">${search_results} = [&lt;selenium.webdriver.remote.webelement.WebElement (session="e87acd4cbc69052dbbd8996ec2e87ceb", element="b32bae20-7104-4ce9-810c-55ce90aafb7b")&gt;, &lt;selenium.webdriver.remote.webelement.WebElement (sessi...</msg>
<status status="PASS" starttime="20230510 16:31:45.892" endtime="20230510 16:31:46.115"/>
</kw>
<kw name="Find match and navigate if found">
<var>${match_link}</var>
<arg>${search_results}</arg>
<arg>${search_value}</arg>
<for flavor="IN">
<var>${search_result}</var>
<value>@{search_results}[1:]</value>
<iter>
<var name="${search_result}">&lt;selenium.webdriver.remote.webelement.WebElement (session="e87acd4cbc69052dbbd8996ec2e87ceb", element="66b7857e-5a02-4365-a24f-25b8034f0d74")&gt;</var>
<kw name="Set Variable" library="BuiltIn">
<var>${text}</var>
<arg>nothing</arg>
<doc>Returns the given values which can then be assigned to a variables.</doc>
<msg timestamp="20230510 16:31:46.122" level="INFO">${text} = nothing</msg>
<status status="PASS" starttime="20230510 16:31:46.121" endtime="20230510 16:31:46.122"/>
</kw>
<kw name="Get Text" library="RPA.Browser.Selenium">
<var>${text}</var>
<arg>${search_result}</arg>
<doc>Returns the text value of the element identified by ``locator``.</doc>
<msg timestamp="20230510 16:31:46.177" level="INFO">${text} = The Matrix Resurrections</msg>
<status status="PASS" starttime="20230510 16:31:46.123" endtime="20230510 16:31:46.178"/>
</kw>
<kw name="Convert To Lower Case" library="String">
<var>${text}</var>
<arg>${text}</arg>
<doc>Converts string to lower case.</doc>
<msg timestamp="20230510 16:31:46.181" level="INFO">${text} = the matrix resurrections</msg>
<status status="PASS" starttime="20230510 16:31:46.179" endtime="20230510 16:31:46.181"/>
</kw>
<kw name="Convert To Lower Case" library="String">
<var>${search_value}</var>
<arg>${search_value}</arg>
<doc>Converts string to lower case.</doc>
<msg timestamp="20230510 16:31:46.183" level="INFO">${search_value} = the matrix</msg>
<status status="PASS" starttime="20230510 16:31:46.182" endtime="20230510 16:31:46.183"/>
</kw>
<if>
<branch type="IF" condition="'${text}' == '${search_value}'">
<kw name="Get Element Attribute" library="RPA.Browser.Selenium">
<var>${match_link}</var>
<arg>${search_result}</arg>
<arg>href</arg>
<doc>Returns the value of ``attribute`` from the element ``locator``.</doc>
<status status="NOT RUN" starttime="20230510 16:31:46.186" endtime="20230510 16:31:46.188"/>
</kw>
<break>
<status status="NOT RUN" starttime="20230510 16:31:46.189" endtime="20230510 16:31:46.189"/>
</break>
<status status="NOT RUN" starttime="20230510 16:31:46.184" endtime="20230510 16:31:46.190"/>
</branch>
<status status="PASS" starttime="20230510 16:31:46.184" endtime="20230510 16:31:46.190"/>
</if>
<status status="PASS" starttime="20230510 16:31:46.120" endtime="20230510 16:31:46.190"/>
</iter>
<iter>
<var name="${search_result}">&lt;selenium.webdriver.remote.webelement.WebElement (session="e87acd4cbc69052dbbd8996ec2e87ceb", element="48afeebb-022b-443f-879c-e0badfe2ebea")&gt;</var>
<kw name="Set Variable" library="BuiltIn">
<var>${text}</var>
<arg>nothing</arg>
<doc>Returns the given values which can then be assigned to a variables.</doc>
<msg timestamp="20230510 16:31:46.195" level="INFO">${text} = nothing</msg>
<status status="PASS" starttime="20230510 16:31:46.194" endtime="20230510 16:31:46.196"/>
</kw>
<kw name="Get Text" library="RPA.Browser.Selenium">
<var>${text}</var>
<arg>${search_result}</arg>
<doc>Returns the text value of the element identified by ``locator``.</doc>
<msg timestamp="20230510 16:31:46.248" level="INFO">${text} = </msg>
<status status="PASS" starttime="20230510 16:31:46.204" endtime="20230510 16:31:46.248"/>
</kw>
<kw name="Convert To Lower Case" library="String">
<var>${text}</var>
<arg>${text}</arg>
<doc>Converts string to lower case.</doc>
<msg timestamp="20230510 16:31:46.250" level="INFO">${text} = </msg>
<status status="PASS" starttime="20230510 16:31:46.249" endtime="20230510 16:31:46.251"/>
</kw>
<kw name="Convert To Lower Case" library="String">
<var>${search_value}</var>
<arg>${search_value}</arg>
<doc>Converts string to lower case.</doc>
<msg timestamp="20230510 16:31:46.252" level="INFO">${search_value} = the matrix</msg>
<status status="PASS" starttime="20230510 16:31:46.251" endtime="20230510 16:31:46.253"/>
</kw>
<if>
<branch type="IF" condition="'${text}' == '${search_value}'">
<kw name="Get Element Attribute" library="RPA.Browser.Selenium">
<var>${match_link}</var>
<arg>${search_result}</arg>
<arg>href</arg>
<doc>Returns the value of ``attribute`` from the element ``locator``.</doc>
<status status="NOT RUN" starttime="20230510 16:31:46.255" endtime="20230510 16:31:46.256"/>
</kw>
<break>
<status status="NOT RUN" starttime="20230510 16:31:46.257" endtime="20230510 16:31:46.258"/>
</break>
<status status="NOT RUN" starttime="20230510 16:31:46.254" endtime="20230510 16:31:46.261"/>
</branch>
<status status="PASS" starttime="20230510 16:31:46.254" endtime="20230510 16:31:46.262"/>
</if>
<status status="PASS" starttime="20230510 16:31:46.192" endtime="20230510 16:31:46.262"/>
</iter>
<iter>
<var name="${search_result}">&lt;selenium.webdriver.remote.webelement.WebElement (session="e87acd4cbc69052dbbd8996ec2e87ceb", element="c7edda68-7929-4bc0-af5f-2adb5220cdc1")&gt;</var>
<kw name="Set Variable" library="BuiltIn">
<var>${text}</var>
<arg>nothing</arg>
<doc>Returns the given values which can then be assigned to a variables.</doc>
<msg timestamp="20230510 16:31:46.268" level="INFO">${text} = nothing</msg>
<status status="PASS" starttime="20230510 16:31:46.266" endtime="20230510 16:31:46.268"/>
</kw>
<kw name="Get Text" library="RPA.Browser.Selenium">
<var>${text}</var>
<arg>${search_result}</arg>
<doc>Returns the text value of the element identified by ``locator``.</doc>
<msg timestamp="20230510 16:31:46.301" level="INFO">${text} = The Matrix Resurrections: Trailer</msg>
<status status="PASS" starttime="20230510 16:31:46.269" endtime="20230510 16:31:46.301"/>
</kw>
<kw name="Convert To Lower Case" library="String">
<var>${text}</var>
<arg>${text}</arg>
<doc>Converts string to lower case.</doc>
<msg timestamp="20230510 16:31:46.303" level="INFO">${text} = the matrix resurrections: trailer</msg>
<status status="PASS" starttime="20230510 16:31:46.302" endtime="20230510 16:31:46.303"/>
</kw>
<kw name="Convert To Lower Case" library="String">
<var>${search_value}</var>
<arg>${search_value}</arg>
<doc>Converts string to lower case.</doc>
<msg timestamp="20230510 16:31:46.305" level="INFO">${search_value} = the matrix</msg>
<status status="PASS" starttime="20230510 16:31:46.304" endtime="20230510 16:31:46.305"/>
</kw>
<if>
<branch type="IF" condition="'${text}' == '${search_value}'">
<kw name="Get Element Attribute" library="RPA.Browser.Selenium">
<var>${match_link}</var>
<arg>${search_result}</arg>
<arg>href</arg>
<doc>Returns the value of ``attribute`` from the element ``locator``.</doc>
<status status="NOT RUN" starttime="20230510 16:31:46.308" endtime="20230510 16:31:46.309"/>
</kw>
<break>
<status status="NOT RUN" starttime="20230510 16:31:46.310" endtime="20230510 16:31:46.310"/>
</break>
<status status="NOT RUN" starttime="20230510 16:31:46.308" endtime="20230510 16:31:46.311"/>
</branch>
<status status="PASS" starttime="20230510 16:31:46.307" endtime="20230510 16:31:46.311"/>
</if>
<status status="PASS" starttime="20230510 16:31:46.263" endtime="20230510 16:31:46.311"/>
</iter>
<iter>
<var name="${search_result}">&lt;selenium.webdriver.remote.webelement.WebElement (session="e87acd4cbc69052dbbd8996ec2e87ceb", element="1dfa55d7-e26f-4c09-9d25-09ad28e79a4d")&gt;</var>
<kw name="Set Variable" library="BuiltIn">
<var>${text}</var>
<arg>nothing</arg>
<doc>Returns the given values which can then be assigned to a variables.</doc>
<msg timestamp="20230510 16:31:46.316" level="INFO">${text} = nothing</msg>
<status status="PASS" starttime="20230510 16:31:46.312" endtime="20230510 16:31:46.317"/>
</kw>
<kw name="Get Text" library="RPA.Browser.Selenium">
<var>${text}</var>
<arg>${search_result}</arg>
<doc>Returns the text value of the element identified by ``locator``.</doc>
<msg timestamp="20230510 16:31:46.370" level="INFO">${text} = </msg>
<status status="PASS" starttime="20230510 16:31:46.318" endtime="20230510 16:31:46.371"/>
</kw>
<kw name="Convert To Lower Case" library="String">
<var>${text}</var>
<arg>${text}</arg>
<doc>Converts string to lower case.</doc>
<msg timestamp="20230510 16:31:46.372" level="INFO">${text} = </msg>
<status status="PASS" starttime="20230510 16:31:46.371" endtime="20230510 16:31:46.372"/>
</kw>
<kw name="Convert To Lower Case" library="String">
<var>${search_value}</var>
<arg>${search_value}</arg>
<doc>Converts string to lower case.</doc>
<msg timestamp="20230510 16:31:46.374" level="INFO">${search_value} = the matrix</msg>
<status status="PASS" starttime="20230510 16:31:46.373" endtime="20230510 16:31:46.374"/>
</kw>
<if>
<branch type="IF" condition="'${text}' == '${search_value}'">
<kw name="Get Element Attribute" library="RPA.Browser.Selenium">
<var>${match_link}</var>
<arg>${search_result}</arg>
<arg>href</arg>
<doc>Returns the value of ``attribute`` from the element ``locator``.</doc>
<status status="NOT RUN" starttime="20230510 16:31:46.375" endtime="20230510 16:31:46.376"/>
</kw>
<break>
<status status="NOT RUN" starttime="20230510 16:31:46.376" endtime="20230510 16:31:46.377"/>
</break>
<status status="NOT RUN" starttime="20230510 16:31:46.375" endtime="20230510 16:31:46.388"/>
</branch>
<status status="PASS" starttime="20230510 16:31:46.375" endtime="20230510 16:31:46.389"/>
</if>
<status status="PASS" starttime="20230510 16:31:46.312" endtime="20230510 16:31:46.389"/>
</iter>
<iter>
<var name="${search_result}">&lt;selenium.webdriver.remote.webelement.WebElement (session="e87acd4cbc69052dbbd8996ec2e87ceb", element="9d4a6218-d369-490e-8a24-ee1542c11c7f")&gt;</var>
<kw name="Set Variable" library="BuiltIn">
<var>${text}</var>
<arg>nothing</arg>
<doc>Returns the given values which can then be assigned to a variables.</doc>
<msg timestamp="20230510 16:31:46.391" level="INFO">${text} = nothing</msg>
<status status="PASS" starttime="20230510 16:31:46.390" endtime="20230510 16:31:46.391"/>
</kw>
<kw name="Get Text" library="RPA.Browser.Selenium">
<var>${text}</var>
<arg>${search_result}</arg>
<doc>Returns the text value of the element identified by ``locator``.</doc>
<msg timestamp="20230510 16:31:46.654" level="INFO">${text} = The Matrix Reloaded</msg>
<status status="PASS" starttime="20230510 16:31:46.392" endtime="20230510 16:31:46.654"/>
</kw>
<kw name="Convert To Lower Case" library="String">
<var>${text}</var>
<arg>${text}</arg>
<doc>Converts string to lower case.</doc>
<msg timestamp="20230510 16:31:46.655" level="INFO">${text} = the matrix reloaded</msg>
<status status="PASS" starttime="20230510 16:31:46.654" endtime="20230510 16:31:46.655"/>
</kw>
<kw name="Convert To Lower Case" library="String">
<var>${search_value}</var>
<arg>${search_value}</arg>
<doc>Converts string to lower case.</doc>
<msg timestamp="20230510 16:31:46.656" level="INFO">${search_value} = the matrix</msg>
<status status="PASS" starttime="20230510 16:31:46.655" endtime="20230510 16:31:46.656"/>
</kw>
<if>
<branch type="IF" condition="'${text}' == '${search_value}'">
<kw name="Get Element Attribute" library="RPA.Browser.Selenium">
<var>${match_link}</var>
<arg>${search_result}</arg>
<arg>href</arg>
<doc>Returns the value of ``attribute`` from the element ``locator``.</doc>
<status status="NOT RUN" starttime="20230510 16:31:46.657" endtime="20230510 16:31:46.658"/>
</kw>
<break>
<status status="NOT RUN" starttime="20230510 16:31:46.658" endtime="20230510 16:31:46.658"/>
</break>
<status status="NOT RUN" starttime="20230510 16:31:46.657" endtime="20230510 16:31:46.658"/>
</branch>
<status status="PASS" starttime="20230510 16:31:46.657" endtime="20230510 16:31:46.658"/>
</if>
<status status="PASS" starttime="20230510 16:31:46.389" endtime="20230510 16:31:46.658"/>
</iter>
<iter>
<var name="${search_result}">&lt;selenium.webdriver.remote.webelement.WebElement (session="e87acd4cbc69052dbbd8996ec2e87ceb", element="5fab4df0-fab9-4382-8e4e-d8174705c845")&gt;</var>
<kw name="Set Variable" library="BuiltIn">
<var>${text}</var>
<arg>nothing</arg>
<doc>Returns the given values which can then be assigned to a variables.</doc>
<msg timestamp="20230510 16:31:46.662" level="INFO">${text} = nothing</msg>
<status status="PASS" starttime="20230510 16:31:46.660" endtime="20230510 16:31:46.662"/>
</kw>
<kw name="Get Text" library="RPA.Browser.Selenium">
<var>${text}</var>
<arg>${search_result}</arg>
<doc>Returns the text value of the element identified by ``locator``.</doc>
<msg timestamp="20230510 16:31:46.687" level="INFO">${text} = </msg>
<status status="PASS" starttime="20230510 16:31:46.663" endtime="20230510 16:31:46.688"/>
</kw>
<kw name="Convert To Lower Case" library="String">
<var>${text}</var>
<arg>${text}</arg>
<doc>Converts string to lower case.</doc>
<msg timestamp="20230510 16:31:46.689" level="INFO">${text} = </msg>
<status status="PASS" starttime="20230510 16:31:46.688" endtime="20230510 16:31:46.689"/>
</kw>
<kw name="Convert To Lower Case" library="String">
<var>${search_value}</var>
<arg>${search_value}</arg>
<doc>Converts string to lower case.</doc>
<msg timestamp="20230510 16:31:46.691" level="INFO">${search_value} = the matrix</msg>
<status status="PASS" starttime="20230510 16:31:46.690" endtime="20230510 16:31:46.691"/>
</kw>
<if>
<branch type="IF" condition="'${text}' == '${search_value}'">
<kw name="Get Element Attribute" library="RPA.Browser.Selenium">
<var>${match_link}</var>
<arg>${search_result}</arg>
<arg>href</arg>
<doc>Returns the value of ``attribute`` from the element ``locator``.</doc>
<status status="NOT RUN" starttime="20230510 16:31:46.692" endtime="20230510 16:31:46.692"/>
</kw>
<break>
<status status="NOT RUN" starttime="20230510 16:31:46.693" endtime="20230510 16:31:46.693"/>
</break>
<status status="NOT RUN" starttime="20230510 16:31:46.692" endtime="20230510 16:31:46.693"/>
</branch>
<status status="PASS" starttime="20230510 16:31:46.691" endtime="20230510 16:31:46.693"/>
</if>
<status status="PASS" starttime="20230510 16:31:46.659" endtime="20230510 16:31:46.693"/>
</iter>
<iter>
<var name="${search_result}">&lt;selenium.webdriver.remote.webelement.WebElement (session="e87acd4cbc69052dbbd8996ec2e87ceb", element="26fae86d-b0c5-48ca-82fa-b774223a10ef")&gt;</var>
<kw name="Set Variable" library="BuiltIn">
<var>${text}</var>
<arg>nothing</arg>
<doc>Returns the given values which can then be assigned to a variables.</doc>
<msg timestamp="20230510 16:31:46.695" level="INFO">${text} = nothing</msg>
<status status="PASS" starttime="20230510 16:31:46.694" endtime="20230510 16:31:46.695"/>
</kw>
<kw name="Get Text" library="RPA.Browser.Selenium">
<var>${text}</var>
<arg>${search_result}</arg>
<doc>Returns the text value of the element identified by ``locator``.</doc>
<msg timestamp="20230510 16:31:46.722" level="INFO">${text} = The Matrix Revolutions</msg>
<status status="PASS" starttime="20230510 16:31:46.696" endtime="20230510 16:31:46.722"/>
</kw>
<kw name="Convert To Lower Case" library="String">
<var>${text}</var>
<arg>${text}</arg>
<doc>Converts string to lower case.</doc>
<msg timestamp="20230510 16:31:46.725" level="INFO">${text} = the matrix revolutions</msg>
<status status="PASS" starttime="20230510 16:31:46.723" endtime="20230510 16:31:46.725"/>
</kw>
<kw name="Convert To Lower Case" library="String">
<var>${search_value}</var>
<arg>${search_value}</arg>
<doc>Converts string to lower case.</doc>
<msg timestamp="20230510 16:31:46.727" level="INFO">${search_value} = the matrix</msg>
<status status="PASS" starttime="20230510 16:31:46.726" endtime="20230510 16:31:46.732"/>
</kw>
<if>
<branch type="IF" condition="'${text}' == '${search_value}'">
<kw name="Get Element Attribute" library="RPA.Browser.Selenium">
<var>${match_link}</var>
<arg>${search_result}</arg>
<arg>href</arg>
<doc>Returns the value of ``attribute`` from the element ``locator``.</doc>
<status status="NOT RUN" starttime="20230510 16:31:46.733" endtime="20230510 16:31:46.733"/>
</kw>
<break>
<status status="NOT RUN" starttime="20230510 16:31:46.733" endtime="20230510 16:31:46.734"/>
</break>
<status status="NOT RUN" starttime="20230510 16:31:46.732" endtime="20230510 16:31:46.735"/>
</branch>
<status status="PASS" starttime="20230510 16:31:46.732" endtime="20230510 16:31:46.736"/>
</if>
<status status="PASS" starttime="20230510 16:31:46.694" endtime="20230510 16:31:46.736"/>
</iter>
<iter>
<var name="${search_result}">&lt;selenium.webdriver.remote.webelement.WebElement (session="e87acd4cbc69052dbbd8996ec2e87ceb", element="3c051081-f3c6-425e-b304-ece5392ece7f")&gt;</var>
<kw name="Set Variable" library="BuiltIn">
<var>${text}</var>
<arg>nothing</arg>
<doc>Returns the given values which can then be assigned to a variables.</doc>
<msg timestamp="20230510 16:31:46.743" level="INFO">${text} = nothing</msg>
<status status="PASS" starttime="20230510 16:31:46.743" endtime="20230510 16:31:46.744"/>
</kw>
<kw name="Get Text" library="RPA.Browser.Selenium">
<var>${text}</var>
<arg>${search_result}</arg>
<doc>Returns the text value of the element identified by ``locator``.</doc>
<msg timestamp="20230510 16:31:46.783" level="INFO">${text} = </msg>
<status status="PASS" starttime="20230510 16:31:46.744" endtime="20230510 16:31:46.783"/>
</kw>
<kw name="Convert To Lower Case" library="String">
<var>${text}</var>
<arg>${text}</arg>
<doc>Converts string to lower case.</doc>
<msg timestamp="20230510 16:31:46.785" level="INFO">${text} = </msg>
<status status="PASS" starttime="20230510 16:31:46.784" endtime="20230510 16:31:46.785"/>
</kw>
<kw name="Convert To Lower Case" library="String">
<var>${search_value}</var>
<arg>${search_value}</arg>
<doc>Converts string to lower case.</doc>
<msg timestamp="20230510 16:31:46.786" level="INFO">${search_value} = the matrix</msg>
<status status="PASS" starttime="20230510 16:31:46.786" endtime="20230510 16:31:46.787"/>
</kw>
<if>
<branch type="IF" condition="'${text}' == '${search_value}'">
<kw name="Get Element Attribute" library="RPA.Browser.Selenium">
<var>${match_link}</var>
<arg>${search_result}</arg>
<arg>href</arg>
<doc>Returns the value of ``attribute`` from the element ``locator``.</doc>
<status status="NOT RUN" starttime="20230510 16:31:46.788" endtime="20230510 16:31:46.789"/>
</kw>
<break>
<status status="NOT RUN" starttime="20230510 16:31:46.789" endtime="20230510 16:31:46.789"/>
</break>
<status status="NOT RUN" starttime="20230510 16:31:46.788" endtime="20230510 16:31:46.800"/>
</branch>
<status status="PASS" starttime="20230510 16:31:46.787" endtime="20230510 16:31:46.801"/>
</if>
<status status="PASS" starttime="20230510 16:31:46.742" endtime="20230510 16:31:46.801"/>
</iter>
<iter>
<var name="${search_result}">&lt;selenium.webdriver.remote.webelement.WebElement (session="e87acd4cbc69052dbbd8996ec2e87ceb", element="7052ac6c-783f-404c-b372-68d76827582b")&gt;</var>
<kw name="Set Variable" library="BuiltIn">
<var>${text}</var>
<arg>nothing</arg>
<doc>Returns the given values which can then be assigned to a variables.</doc>
<msg timestamp="20230510 16:31:46.804" level="INFO">${text} = nothing</msg>
<status status="PASS" starttime="20230510 16:31:46.803" endtime="20230510 16:31:46.805"/>
</kw>
<kw name="Get Text" library="RPA.Browser.Selenium">
<var>${text}</var>
<arg>${search_result}</arg>
<doc>Returns the text value of the element identified by ``locator``.</doc>
<msg timestamp="20230510 16:31:46.837" level="INFO">${text} = The Matrix Revisited</msg>
<status status="PASS" starttime="20230510 16:31:46.806" endtime="20230510 16:31:46.838"/>
</kw>
<kw name="Convert To Lower Case" library="String">
<var>${text}</var>
<arg>${text}</arg>
<doc>Converts string to lower case.</doc>
<msg timestamp="20230510 16:31:46.839" level="INFO">${text} = the matrix revisited</msg>
<status status="PASS" starttime="20230510 16:31:46.838" endtime="20230510 16:31:46.840"/>
</kw>
<kw name="Convert To Lower Case" library="String">
<var>${search_value}</var>
<arg>${search_value}</arg>
<doc>Converts string to lower case.</doc>
<msg timestamp="20230510 16:31:46.844" level="INFO">${search_value} = the matrix</msg>
<status status="PASS" starttime="20230510 16:31:46.841" endtime="20230510 16:31:46.845"/>
</kw>
<if>
<branch type="IF" condition="'${text}' == '${search_value}'">
<kw name="Get Element Attribute" library="RPA.Browser.Selenium">
<var>${match_link}</var>
<arg>${search_result}</arg>
<arg>href</arg>
<doc>Returns the value of ``attribute`` from the element ``locator``.</doc>
<status status="NOT RUN" starttime="20230510 16:31:46.848" endtime="20230510 16:31:46.848"/>
</kw>
<break>
<status status="NOT RUN" starttime="20230510 16:31:46.848" endtime="20230510 16:31:46.849"/>
</break>
<status status="NOT RUN" starttime="20230510 16:31:46.847" endtime="20230510 16:31:46.849"/>
</branch>
<status status="PASS" starttime="20230510 16:31:46.846" endtime="20230510 16:31:46.849"/>
</if>
<status status="PASS" starttime="20230510 16:31:46.802" endtime="20230510 16:31:46.849"/>
</iter>
<iter>
<var name="${search_result}">&lt;selenium.webdriver.remote.webelement.WebElement (session="e87acd4cbc69052dbbd8996ec2e87ceb", element="f9249ee2-e4f8-454d-9d8b-dc8ab2603cca")&gt;</var>
<kw name="Set Variable" library="BuiltIn">
<var>${text}</var>
<arg>nothing</arg>
<doc>Returns the given values which can then be assigned to a variables.</doc>
<msg timestamp="20230510 16:31:46.850" level="INFO">${text} = nothing</msg>
<status status="PASS" starttime="20230510 16:31:46.850" endtime="20230510 16:31:46.850"/>
</kw>
<kw name="Get Text" library="RPA.Browser.Selenium">
<var>${text}</var>
<arg>${search_result}</arg>
<doc>Returns the text value of the element identified by ``locator``.</doc>
<msg timestamp="20230510 16:31:46.875" level="INFO">${text} = </msg>
<status status="PASS" starttime="20230510 16:31:46.851" endtime="20230510 16:31:46.875"/>
</kw>
<kw name="Convert To Lower Case" library="String">
<var>${text}</var>
<arg>${text}</arg>
<doc>Converts string to lower case.</doc>
<msg timestamp="20230510 16:31:46.876" level="INFO">${text} = </msg>
<status status="PASS" starttime="20230510 16:31:46.876" endtime="20230510 16:31:46.876"/>
</kw>
<kw name="Convert To Lower Case" library="String">
<var>${search_value}</var>
<arg>${search_value}</arg>
<doc>Converts string to lower case.</doc>
<msg timestamp="20230510 16:31:46.877" level="INFO">${search_value} = the matrix</msg>
<status status="PASS" starttime="20230510 16:31:46.876" endtime="20230510 16:31:46.877"/>
</kw>
<if>
<branch type="IF" condition="'${text}' == '${search_value}'">
<kw name="Get Element Attribute" library="RPA.Browser.Selenium">
<var>${match_link}</var>
<arg>${search_result}</arg>
<arg>href</arg>
<doc>Returns the value of ``attribute`` from the element ``locator``.</doc>
<status status="NOT RUN" starttime="20230510 16:31:46.878" endtime="20230510 16:31:46.878"/>
</kw>
<break>
<status status="NOT RUN" starttime="20230510 16:31:46.878" endtime="20230510 16:31:46.878"/>
</break>
<status status="NOT RUN" starttime="20230510 16:31:46.877" endtime="20230510 16:31:46.878"/>
</branch>
<status status="PASS" starttime="20230510 16:31:46.877" endtime="20230510 16:31:46.878"/>
</if>
<status status="PASS" starttime="20230510 16:31:46.850" endtime="20230510 16:31:46.878"/>
</iter>
<iter>
<var name="${search_result}">&lt;selenium.webdriver.remote.webelement.WebElement (session="e87acd4cbc69052dbbd8996ec2e87ceb", element="1f8e2c25-6510-481f-a813-6e9f023118d9")&gt;</var>
<kw name="Set Variable" library="BuiltIn">
<var>${text}</var>
<arg>nothing</arg>
<doc>Returns the given values which can then be assigned to a variables.</doc>
<msg timestamp="20230510 16:31:46.879" level="INFO">${text} = nothing</msg>
<status status="PASS" starttime="20230510 16:31:46.879" endtime="20230510 16:31:46.879"/>
</kw>
<kw name="Get Text" library="RPA.Browser.Selenium">
<var>${text}</var>
<arg>${search_result}</arg>
<doc>Returns the text value of the element identified by ``locator``.</doc>
<msg timestamp="20230510 16:31:46.907" level="INFO">${text} = The Matrix</msg>
<status status="PASS" starttime="20230510 16:31:46.879" endtime="20230510 16:31:46.908"/>
</kw>
<kw name="Convert To Lower Case" library="String">
<var>${text}</var>
<arg>${text}</arg>
<doc>Converts string to lower case.</doc>
<msg timestamp="20230510 16:31:46.909" level="INFO">${text} = the matrix</msg>
<status status="PASS" starttime="20230510 16:31:46.908" endtime="20230510 16:31:46.909"/>
</kw>
<kw name="Convert To Lower Case" library="String">
<var>${search_value}</var>
<arg>${search_value}</arg>
<doc>Converts string to lower case.</doc>
<msg timestamp="20230510 16:31:46.910" level="INFO">${search_value} = the matrix</msg>
<status status="PASS" starttime="20230510 16:31:46.910" endtime="20230510 16:31:46.911"/>
</kw>
<if>
<branch type="IF" condition="'${text}' == '${search_value}'">
<kw name="Get Element Attribute" library="RPA.Browser.Selenium">
<var>${match_link}</var>
<arg>${search_result}</arg>
<arg>href</arg>
<doc>Returns the value of ``attribute`` from the element ``locator``.</doc>
<msg timestamp="20230510 16:31:46.947" level="INFO">${match_link} = https://www.rottentomatoes.com/m/matrix</msg>
<status status="PASS" starttime="20230510 16:31:46.912" endtime="20230510 16:31:46.947"/>
</kw>
<break>
<status status="PASS" starttime="20230510 16:31:46.947" endtime="20230510 16:31:46.948"/>
</break>
<status status="PASS" starttime="20230510 16:31:46.911" endtime="20230510 16:31:46.948"/>
</branch>
<status status="PASS" starttime="20230510 16:31:46.911" endtime="20230510 16:31:46.948"/>
</if>
<status status="PASS" starttime="20230510 16:31:46.878" endtime="20230510 16:31:46.948"/>
</iter>
<status status="PASS" starttime="20230510 16:31:46.119" endtime="20230510 16:31:46.949"/>
</for>
<return>
<value>${match_link}</value>
<status status="PASS" starttime="20230510 16:31:46.949" endtime="20230510 16:31:46.949"/>
</return>
<msg timestamp="20230510 16:31:46.950" level="INFO">${match_link} = https://www.rottentomatoes.com/m/matrix</msg>
<status status="PASS" starttime="20230510 16:31:46.116" endtime="20230510 16:31:46.950"/>
</kw>
<if>
<branch type="IF" condition="'${match_link}' != '${None}'">
<kw name="navigate to movie">
<arg>${match_link}</arg>
<kw name="Go To" library="RPA.Browser.Selenium">
<arg>${match_link}</arg>
<doc>Navigates the current browser window to the provided ``url``.</doc>
<msg timestamp="20230510 16:31:46.959" level="INFO">Opening url 'https://www.rottentomatoes.com/m/matrix'</msg>
<status status="PASS" starttime="20230510 16:31:46.953" endtime="20230510 16:31:49.830"/>
</kw>
<status status="PASS" starttime="20230510 16:31:46.951" endtime="20230510 16:31:49.831"/>
</kw>
<kw name="Get movie detail">
<var>${movie_info}</var>
<arg>${search_value}</arg>
<kw name="Set Variable" library="BuiltIn">
<var>${status}</var>
<arg>Sucsess</arg>
<doc>Returns the given values which can then be assigned to a variables.</doc>
<msg timestamp="20230510 16:31:49.834" level="INFO">${status} = Sucsess</msg>
<status status="PASS" starttime="20230510 16:31:49.833" endtime="20230510 16:31:49.834"/>
</kw>
<kw name="Wait Until Element Is Visible" library="RPA.Browser.Selenium">
<arg>id:topSection</arg>
<doc>Waits until the element ``locator`` is visible.</doc>
<status status="PASS" starttime="20230510 16:31:49.834" endtime="20230510 16:31:50.149"/>
</kw>
<kw name="Sleep" library="BuiltIn">
<arg>1s</arg>
<doc>Pauses the test executed for the given time.</doc>
<msg timestamp="20230510 16:31:51.151" level="INFO">Slept 1 second</msg>
<status status="PASS" starttime="20230510 16:31:50.150" endtime="20230510 16:31:51.151"/>
</kw>
<kw name="Get Text" library="RPA.Browser.Selenium">
<var>${title}</var>
<arg>xpath:/html/body/div[3]/main/div/section/div[2]/section[1]/div[1]/score-board/h1</arg>
<doc>Returns the text value of the element identified by ``locator``.</doc>
<msg timestamp="20230510 16:31:51.212" level="INFO">${title} = THE MATRIX</msg>
<status status="PASS" starttime="20230510 16:31:51.152" endtime="20230510 16:31:51.213"/>
</kw>
<kw name="Get Element Attribute" library="RPA.Browser.Selenium">
<var>${tomatometer_score}</var>
<arg>xpath=//score-board[@data-qa="score-panel"]</arg>
<arg>tomatometerscore</arg>
<doc>Returns the value of ``attribute`` from the element ``locator``.</doc>
<msg timestamp="20230510 16:31:51.257" level="INFO">${tomatometer_score} = 88</msg>
<status status="PASS" starttime="20230510 16:31:51.213" endtime="20230510 16:31:51.257"/>
</kw>
<kw name="Get Element Attribute" library="RPA.Browser.Selenium">
<var>${audience_score}</var>
<arg>xpath=//score-board[@data-qa="score-panel"]</arg>
<arg>audiencescore</arg>
<doc>Returns the value of ``attribute`` from the element ``locator``.</doc>
<msg timestamp="20230510 16:31:51.297" level="INFO">${audience_score} = 85</msg>
<status status="PASS" starttime="20230510 16:31:51.258" endtime="20230510 16:31:51.297"/>
</kw>
<kw name="Get Element Attribute" library="RPA.Browser.Selenium">
<var>${rating}</var>
<arg>xpath=//score-board[@data-qa="score-panel"]</arg>
<arg>rating</arg>
<doc>Returns the value of ``attribute`` from the element ``locator``.</doc>
<msg timestamp="20230510 16:31:51.331" level="INFO">${rating} = R</msg>
<status status="PASS" starttime="20230510 16:31:51.298" endtime="20230510 16:31:51.332"/>
</kw>
<kw name="Get Element Attribute" library="RPA.Browser.Selenium">
<var>${tomatometerstate}</var>
<arg>xpath=//score-board[@data-qa="score-panel"]</arg>
<arg>tomatometerstate</arg>
<doc>Returns the value of ``attribute`` from the element ``locator``.</doc>
<msg timestamp="20230510 16:31:51.368" level="INFO">${tomatometerstate} = certified-fresh</msg>
<status status="PASS" starttime="20230510 16:31:51.332" endtime="20230510 16:31:51.369"/>
</kw>
<kw name="Wait Until Element Is Visible" library="RPA.Browser.Selenium">
<arg>id:movie-info</arg>
<doc>Waits until the element ``locator`` is visible.</doc>
<status status="PASS" starttime="20230510 16:31:51.369" endtime="20230510 16:31:51.399"/>
</kw>
<kw name="Get Text" library="RPA.Browser.Selenium">
<var>${story_line}</var>
<arg>xpath://p[@data-qa='movie-info-synopsis']</arg>
<doc>Returns the text value of the element identified by ``locator``.</doc>
<msg timestamp="20230510 16:31:51.432" level="INFO">${story_line} = Neo (Keanu Reeves) believes that Morpheus (Laurence Fishburne), an elusive figure considered to be the most dangerous man alive, can answer his question -- What is the Matrix? Neo is contacted by Trin...</msg>
<status status="PASS" starttime="20230510 16:31:51.400" endtime="20230510 16:31:51.433"/>
</kw>
<kw name="Get Text" library="RPA.Browser.Selenium">
<var>${genres}</var>
<arg>xpath://*[@id="info"]/li[1]/p/span</arg>
<doc>Returns the text value of the element identified by ``locator``.</doc>
<msg timestamp="20230510 16:31:51.473" level="INFO">${genres} = R (Sci-Fi Violence|Brief Language)</msg>
<status status="PASS" starttime="20230510 16:31:51.433" endtime="20230510 16:31:51.474"/>
</kw>
<kw name="Wait Until Element Is Visible" library="RPA.Browser.Selenium">
<arg>id:critics-reviews</arg>
<doc>Waits until the element ``locator`` is visible.</doc>
<status status="PASS" starttime="20230510 16:31:51.474" endtime="20230510 16:31:51.511"/>
</kw>
<kw name="Get WebElements" library="RPA.Browser.Selenium">
<var>${review_ballon_list}</var>
<arg>xpath://review-speech-balloon[@data-qa="critic-review"]</arg>
<doc>Returns a list of WebElement objects matching the ``locator``.</doc>
<msg timestamp="20230510 16:31:51.531" level="INFO">${review_ballon_list} = [&lt;selenium.webdriver.remote.webelement.WebElement (session="e87acd4cbc69052dbbd8996ec2e87ceb", element="b653e302-7dc5-4025-8a28-04af7df007c2")&gt;, &lt;selenium.webdriver.remote.webelement.WebElement (sessi...</msg>
<status status="PASS" starttime="20230510 16:31:51.511" endtime="20230510 16:31:51.531"/>
</kw>
<kw name="Create Dictionary" library="BuiltIn">
<var>${review_quotes}</var>
<doc>Creates and returns a dictionary based on the given ``items``.</doc>
<msg timestamp="20230510 16:31:51.532" level="INFO">${review_quotes} = {}</msg>
<status status="PASS" starttime="20230510 16:31:51.531" endtime="20230510 16:31:51.532"/>
</kw>
<kw name="Set Variable" library="BuiltIn">
<var>${review_count}</var>
<arg>1</arg>
<doc>Returns the given values which can then be assigned to a variables.</doc>
<msg timestamp="20230510 16:31:51.533" level="INFO">${review_count} = 1</msg>
<status status="PASS" starttime="20230510 16:31:51.533" endtime="20230510 16:31:51.533"/>
</kw>
<for flavor="IN">
<var>${review}</var>
<value>@{review_ballon_list}</value>
<iter>
<var name="${review}">&lt;selenium.webdriver.remote.webelement.WebElement (session="e87acd4cbc69052dbbd8996ec2e87ceb", element="b653e302-7dc5-4025-8a28-04af7df007c2")&gt;</var>
<kw name="Get Element Attribute" library="RPA.Browser.Selenium">
<var>${review_quote}</var>
<arg>${review}</arg>
<arg>reviewquote</arg>
<doc>Returns the value of ``attribute`` from the element ``locator``.</doc>
<msg timestamp="20230510 16:31:51.554" level="INFO">${review_quote} = The Matrix does a good job of repackaging Baudrillard’s critique of hyperreality, as well as riffing on Christ, Marx, Lewis Carroll, and L. Frank Baum.</msg>
<status status="PASS" starttime="20230510 16:31:51.534" endtime="20230510 16:31:51.554"/>
</kw>
<kw name="Remove Punctuations">
<var>${review_quote}</var>
<arg>${review_quote}</arg>
<kw name="Set Variable" library="BuiltIn">
<var>${pattern}</var>
<arg>[\"']</arg>
<doc>Returns the given values which can then be assigned to a variables.</doc>
<msg timestamp="20230510 16:31:51.557" level="INFO">${pattern} = ["']</msg>
<status status="PASS" starttime="20230510 16:31:51.556" endtime="20230510 16:31:51.557"/>
</kw>
<kw name="Replace String Using Regexp" library="String">
<var>${result}</var>
<arg>${string}</arg>
<arg>${pattern}</arg>
<arg>${EMPTY}</arg>
<doc>Replaces ``pattern`` in the given ``string`` with ``replace_with``.</doc>
<msg timestamp="20230510 16:31:51.559" level="INFO">${result} = The Matrix does a good job of repackaging Baudrillard’s critique of hyperreality, as well as riffing on Christ, Marx, Lewis Carroll, and L. Frank Baum.</msg>
<status status="PASS" starttime="20230510 16:31:51.558" endtime="20230510 16:31:51.560"/>
</kw>
<msg timestamp="20230510 16:31:51.562" level="INFO">${review_quote} = The Matrix does a good job of repackaging Baudrillard’s critique of hyperreality, as well as riffing on Christ, Marx, Lewis Carroll, and L. Frank Baum.</msg>
<status status="PASS" starttime="20230510 16:31:51.555" endtime="20230510 16:31:51.562"/>
</kw>
<kw name="Set To Dictionary" library="Collections">
<arg>${review_quotes}</arg>
<arg>review_${review_count}</arg>
<arg>${review_quote}</arg>
<doc>Adds the given ``key_value_pairs`` and ``items`` to the ``dictionary``.</doc>
<status status="PASS" starttime="20230510 16:31:51.563" endtime="20230510 16:31:51.564"/>
</kw>
<kw name="Evaluate" library="BuiltIn">
<var>${review_count}</var>
<arg>${review_count}+1</arg>
<doc>Evaluates the given expression in Python and returns the result.</doc>
<msg timestamp="20230510 16:31:51.566" level="INFO">${review_count} = 2</msg>
<status status="PASS" starttime="20230510 16:31:51.565" endtime="20230510 16:31:51.567"/>
</kw>
<kw name="Run Keyword If" library="BuiltIn">
<arg>${review_count} &gt; 5</arg>
<arg>Exit For Loop</arg>
<doc>Runs the given keyword with the given arguments, if ``condition`` is true.</doc>
<status status="PASS" starttime="20230510 16:31:51.567" endtime="20230510 16:31:51.568"/>
</kw>
<status status="PASS" starttime="20230510 16:31:51.534" endtime="20230510 16:31:51.568"/>
</iter>
<iter>
<var name="${review}">&lt;selenium.webdriver.remote.webelement.WebElement (session="e87acd4cbc69052dbbd8996ec2e87ceb", element="0335f6dc-e5e5-4d9c-b806-c4b2e6897400")&gt;</var>
<kw name="Get Element Attribute" library="RPA.Browser.Selenium">
<var>${review_quote}</var>
<arg>${review}</arg>
<arg>reviewquote</arg>
<doc>Returns the value of ``attribute`` from the element ``locator``.</doc>
<msg timestamp="20230510 16:31:51.587" level="INFO">${review_quote} = The Matrix still stands up as a fiercely exciting and discombobulating futurist drama, which pioneered breathtaking "bullet-time" action sequences inspired by Asian martial arts.</msg>
<status status="PASS" starttime="20230510 16:31:51.570" endtime="20230510 16:31:51.588"/>
</kw>
<kw name="Remove Punctuations">
<var>${review_quote}</var>
<arg>${review_quote}</arg>
<kw name="Set Variable" library="BuiltIn">
<var>${pattern}</var>
<arg>[\"']</arg>
<doc>Returns the given values which can then be assigned to a variables.</doc>
<msg timestamp="20230510 16:31:51.590" level="INFO">${pattern} = ["']</msg>
<status status="PASS" starttime="20230510 16:31:51.590" endtime="20230510 16:31:51.591"/>
</kw>
<kw name="Replace String Using Regexp" library="String">
<var>${result}</var>
<arg>${string}</arg>
<arg>${pattern}</arg>
<arg>${EMPTY}</arg>
<doc>Replaces ``pattern`` in the given ``string`` with ``replace_with``.</doc>
<msg timestamp="20230510 16:31:51.595" level="INFO">${result} = The Matrix still stands up as a fiercely exciting and discombobulating futurist drama, which pioneered breathtaking bullet-time action sequences inspired by Asian martial arts.</msg>
<status status="PASS" starttime="20230510 16:31:51.592" endtime="20230510 16:31:51.595"/>
</kw>
<msg timestamp="20230510 16:31:51.597" level="INFO">${review_quote} = The Matrix still stands up as a fiercely exciting and discombobulating futurist drama, which pioneered breathtaking bullet-time action sequences inspired by Asian martial arts.</msg>
<status status="PASS" starttime="20230510 16:31:51.588" endtime="20230510 16:31:51.598"/>
</kw>
<kw name="Set To Dictionary" library="Collections">
<arg>${review_quotes}</arg>
<arg>review_${review_count}</arg>
<arg>${review_quote}</arg>
<doc>Adds the given ``key_value_pairs`` and ``items`` to the ``dictionary``.</doc>
<status status="PASS" starttime="20230510 16:31:51.599" endtime="20230510 16:31:51.600"/>
</kw>
<kw name="Evaluate" library="BuiltIn">
<var>${review_count}</var>
<arg>${review_count}+1</arg>
<doc>Evaluates the given expression in Python and returns the result.</doc>
<msg timestamp="20230510 16:31:51.602" level="INFO">${review_count} = 3</msg>
<status status="PASS" starttime="20230510 16:31:51.601" endtime="20230510 16:31:51.602"/>
</kw>
<kw name="Run Keyword If" library="BuiltIn">
<arg>${review_count} &gt; 5</arg>
<arg>Exit For Loop</arg>
<doc>Runs the given keyword with the given arguments, if ``condition`` is true.</doc>
<status status="PASS" starttime="20230510 16:31:51.603" endtime="20230510 16:31:51.604"/>
</kw>
<status status="PASS" starttime="20230510 16:31:51.569" endtime="20230510 16:31:51.605"/>
</iter>
<iter>
<var name="${review}">&lt;selenium.webdriver.remote.webelement.WebElement (session="e87acd4cbc69052dbbd8996ec2e87ceb", element="1cb59bf9-9c86-4808-9cbb-7058f654fded")&gt;</var>
<kw name="Get Element Attribute" library="RPA.Browser.Selenium">
<var>${review_quote}</var>
<arg>${review}</arg>
<arg>reviewquote</arg>
<doc>Returns the value of ``attribute`` from the element ``locator``.</doc>
<msg timestamp="20230510 16:31:51.638" level="INFO">${review_quote} = Neo offers Reeves the perfect combination of Ted Theodore Logan's curiosity and wonder, Johnny Utah's earnestness and the badassedness of Jack Traven.</msg>
<status status="PASS" starttime="20230510 16:31:51.606" endtime="20230510 16:31:51.638"/>
</kw>
<kw name="Remove Punctuations">
<var>${review_quote}</var>
<arg>${review_quote}</arg>
<kw name="Set Variable" library="BuiltIn">
<var>${pattern}</var>
<arg>[\"']</arg>
<doc>Returns the given values which can then be assigned to a variables.</doc>
<msg timestamp="20230510 16:31:51.641" level="INFO">${pattern} = ["']</msg>
<status status="PASS" starttime="20230510 16:31:51.640" endtime="20230510 16:31:51.641"/>
</kw>
<kw name="Replace String Using Regexp" library="String">
<var>${result}</var>
<arg>${string}</arg>
<arg>${pattern}</arg>
<arg>${EMPTY}</arg>
<doc>Replaces ``pattern`` in the given ``string`` with ``replace_with``.</doc>
<msg timestamp="20230510 16:31:51.650" level="INFO">${result} = Neo offers Reeves the perfect combination of Ted Theodore Logans curiosity and wonder, Johnny Utahs earnestness and the badassedness of Jack Traven.</msg>
<status status="PASS" starttime="20230510 16:31:51.647" endtime="20230510 16:31:51.650"/>
</kw>
<msg timestamp="20230510 16:31:51.651" level="INFO">${review_quote} = Neo offers Reeves the perfect combination of Ted Theodore Logans curiosity and wonder, Johnny Utahs earnestness and the badassedness of Jack Traven.</msg>
<status status="PASS" starttime="20230510 16:31:51.639" endtime="20230510 16:31:51.651"/>
</kw>
<kw name="Set To Dictionary" library="Collections">
<arg>${review_quotes}</arg>
<arg>review_${review_count}</arg>
<arg>${review_quote}</arg>
<doc>Adds the given ``key_value_pairs`` and ``items`` to the ``dictionary``.</doc>
<status status="PASS" starttime="20230510 16:31:51.652" endtime="20230510 16:31:51.654"/>
</kw>
<kw name="Evaluate" library="BuiltIn">
<var>${review_count}</var>
<arg>${review_count}+1</arg>
<doc>Evaluates the given expression in Python and returns the result.</doc>
<msg timestamp="20230510 16:31:51.655" level="INFO">${review_count} = 4</msg>
<status status="PASS" starttime="20230510 16:31:51.654" endtime="20230510 16:31:51.656"/>
</kw>
<kw name="Run Keyword If" library="BuiltIn">
<arg>${review_count} &gt; 5</arg>
<arg>Exit For Loop</arg>
<doc>Runs the given keyword with the given arguments, if ``condition`` is true.</doc>
<status status="PASS" starttime="20230510 16:31:51.657" endtime="20230510 16:31:51.658"/>
</kw>
<status status="PASS" starttime="20230510 16:31:51.605" endtime="20230510 16:31:51.659"/>
</iter>
<iter>
<var name="${review}">&lt;selenium.webdriver.remote.webelement.WebElement (session="e87acd4cbc69052dbbd8996ec2e87ceb", element="d07d94ff-47a5-445c-966d-1cedfa65a7c8")&gt;</var>
<kw name="Get Element Attribute" library="RPA.Browser.Selenium">
<var>${review_quote}</var>
<arg>${review}</arg>
<arg>reviewquote</arg>
<doc>Returns the value of ``attribute`` from the element ``locator``.</doc>
<msg timestamp="20230510 16:31:51.688" level="INFO">${review_quote} = A technologically stunning movie that furthers the genre and features crowd-pleasing performances to go with the frequent scenes of gunplay and violence.</msg>
<status status="PASS" starttime="20230510 16:31:51.661" endtime="20230510 16:31:51.688"/>
</kw>
<kw name="Remove Punctuations">
<var>${review_quote}</var>
<arg>${review_quote}</arg>
<kw name="Set Variable" library="BuiltIn">
<var>${pattern}</var>
<arg>[\"']</arg>
<doc>Returns the given values which can then be assigned to a variables.</doc>
<msg timestamp="20230510 16:31:51.694" level="INFO">${pattern} = ["']</msg>
<status status="PASS" starttime="20230510 16:31:51.691" endtime="20230510 16:31:51.699"/>
</kw>
<kw name="Replace String Using Regexp" library="String">
<var>${result}</var>
<arg>${string}</arg>
<arg>${pattern}</arg>
<arg>${EMPTY}</arg>
<doc>Replaces ``pattern`` in the given ``string`` with ``replace_with``.</doc>
<msg timestamp="20230510 16:31:51.702" level="INFO">${result} = A technologically stunning movie that furthers the genre and features crowd-pleasing performances to go with the frequent scenes of gunplay and violence.</msg>
<status status="PASS" starttime="20230510 16:31:51.700" endtime="20230510 16:31:51.702"/>
</kw>
<msg timestamp="20230510 16:31:51.703" level="INFO">${review_quote} = A technologically stunning movie that furthers the genre and features crowd-pleasing performances to go with the frequent scenes of gunplay and violence.</msg>
<status status="PASS" starttime="20230510 16:31:51.689" endtime="20230510 16:31:51.704"/>
</kw>
<kw name="Set To Dictionary" library="Collections">
<arg>${review_quotes}</arg>
<arg>review_${review_count}</arg>
<arg>${review_quote}</arg>
<doc>Adds the given ``key_value_pairs`` and ``items`` to the ``dictionary``.</doc>
<status status="PASS" starttime="20230510 16:31:51.704" endtime="20230510 16:31:51.713"/>
</kw>
<kw name="Evaluate" library="BuiltIn">
<var>${review_count}</var>
<arg>${review_count}+1</arg>
<doc>Evaluates the given expression in Python and returns the result.</doc>
<msg timestamp="20230510 16:31:51.715" level="INFO">${review_count} = 5</msg>
<status status="PASS" starttime="20230510 16:31:51.714" endtime="20230510 16:31:51.715"/>
</kw>
<kw name="Run Keyword If" library="BuiltIn">
<arg>${review_count} &gt; 5</arg>
<arg>Exit For Loop</arg>
<doc>Runs the given keyword with the given arguments, if ``condition`` is true.</doc>
<status status="PASS" starttime="20230510 16:31:51.716" endtime="20230510 16:31:51.717"/>
</kw>
<status status="PASS" starttime="20230510 16:31:51.659" endtime="20230510 16:31:51.718"/>
</iter>
<iter>
<var name="${review}">&lt;selenium.webdriver.remote.webelement.WebElement (session="e87acd4cbc69052dbbd8996ec2e87ceb", element="30e90942-50ae-4a9d-b491-1722a92ac156")&gt;</var>
<kw name="Get Element Attribute" library="RPA.Browser.Selenium">
<var>${review_quote}</var>
<arg>${review}</arg>
<arg>reviewquote</arg>
<doc>Returns the value of ``attribute`` from the element ``locator``.</doc>
<msg timestamp="20230510 16:31:51.741" level="INFO">${review_quote} = Extremely violent, extremely preposterous, extremely entertaining, The Matrix succeeds at two extremely difficult tasks: as a vast, exciting virtual-reality movie and as a defibrillator for Keanu Reev...</msg>
<status status="PASS" starttime="20230510 16:31:51.719" endtime="20230510 16:31:51.741"/>
</kw>
<kw name="Remove Punctuations">
<var>${review_quote}</var>
<arg>${review_quote}</arg>
<kw name="Set Variable" library="BuiltIn">
<var>${pattern}</var>
<arg>[\"']</arg>
<doc>Returns the given values which can then be assigned to a variables.</doc>
<msg timestamp="20230510 16:31:51.744" level="INFO">${pattern} = ["']</msg>
<status status="PASS" starttime="20230510 16:31:51.743" endtime="20230510 16:31:51.744"/>
</kw>
<kw name="Replace String Using Regexp" library="String">
<var>${result}</var>
<arg>${string}</arg>
<arg>${pattern}</arg>
<arg>${EMPTY}</arg>
<doc>Replaces ``pattern`` in the given ``string`` with ``replace_with``.</doc>
<msg timestamp="20230510 16:31:51.748" level="INFO">${result} = Extremely violent, extremely preposterous, extremely entertaining, The Matrix succeeds at two extremely difficult tasks: as a vast, exciting virtual-reality movie and as a defibrillator for Keanu Reev...</msg>
<status status="PASS" starttime="20230510 16:31:51.745" endtime="20230510 16:31:51.749"/>
</kw>
<msg timestamp="20230510 16:31:51.751" level="INFO">${review_quote} = Extremely violent, extremely preposterous, extremely entertaining, The Matrix succeeds at two extremely difficult tasks: as a vast, exciting virtual-reality movie and as a defibrillator for Keanu Reev...</msg>
<status status="PASS" starttime="20230510 16:31:51.742" endtime="20230510 16:31:51.751"/>
</kw>
<kw name="Set To Dictionary" library="Collections">
<arg>${review_quotes}</arg>
<arg>review_${review_count}</arg>
<arg>${review_quote}</arg>
<doc>Adds the given ``key_value_pairs`` and ``items`` to the ``dictionary``.</doc>
<status status="PASS" starttime="20230510 16:31:51.752" endtime="20230510 16:31:51.753"/>
</kw>
<kw name="Evaluate" library="BuiltIn">
<var>${review_count}</var>
<arg>${review_count}+1</arg>
<doc>Evaluates the given expression in Python and returns the result.</doc>
<msg timestamp="20230510 16:31:51.755" level="INFO">${review_count} = 6</msg>
<status status="PASS" starttime="20230510 16:31:51.753" endtime="20230510 16:31:51.756"/>
</kw>
<kw name="Run Keyword If" library="BuiltIn">
<arg>${review_count} &gt; 5</arg>
<arg>Exit For Loop</arg>
<doc>Runs the given keyword with the given arguments, if ``condition`` is true.</doc>
<kw name="Exit For Loop" library="BuiltIn">
<doc>Stops executing the enclosing FOR loop.</doc>
<msg timestamp="20230510 16:31:51.761" level="INFO">Exiting for loop altogether.</msg>
<status status="PASS" starttime="20230510 16:31:51.757" endtime="20230510 16:31:51.765"/>
</kw>
<status status="PASS" starttime="20230510 16:31:51.756" endtime="20230510 16:31:51.766"/>
</kw>
<status status="PASS" starttime="20230510 16:31:51.718" endtime="20230510 16:31:51.766"/>
</iter>
<status status="PASS" starttime="20230510 16:31:51.533" endtime="20230510 16:31:51.767"/>
</for>
<while condition="${review_count} &lt;= 5">
<iter>
<kw name="Set To Dictionary" library="Collections">
<arg>${review_quotes}</arg>
<arg>review_${review_count}</arg>
<arg>${None}</arg>
<doc>Adds the given ``key_value_pairs`` and ``items`` to the ``dictionary``.</doc>
<status status="NOT RUN" starttime="20230510 16:31:51.768" endtime="20230510 16:31:51.769"/>
</kw>
<kw name="Evaluate" library="BuiltIn">
<var>${review_count}</var>
<arg>${review_count}+1</arg>
<doc>Evaluates the given expression in Python and returns the result.</doc>
<status status="NOT RUN" starttime="20230510 16:31:51.770" endtime="20230510 16:31:51.771"/>
</kw>
<status status="NOT RUN" starttime="20230510 16:31:51.768" endtime="20230510 16:31:51.772"/>
</iter>
<status status="NOT RUN" starttime="20230510 16:31:51.767" endtime="20230510 16:31:51.772"/>
</while>
<kw name="Create Dictionary" library="BuiltIn">
<var>${value_dict}</var>
<arg>title=${title}</arg>
<arg>tomatometer_score=${tomatometer_score}</arg>
<arg>audience_score=${audience_score}</arg>
<arg>rating=${rating}</arg>
<arg>tomatometerstate=${tomatometerstate}</arg>
<arg>story_line=${story_line}</arg>
<arg>genres=${genres}</arg>
<arg>reviews_1=${review_quotes}[review_1]</arg>
<arg>reviews_2=${review_quotes}[review_2]</arg>
<arg>reviews_3=${review_quotes}[review_3]</arg>
<arg>reviews_4=${review_quotes}[review_4]</arg>
<arg>reviews_5=${review_quotes}[review_5]</arg>
<arg>status=${status}</arg>
<doc>Creates and returns a dictionary based on the given ``items``.</doc>
<msg timestamp="20230510 16:31:51.776" level="INFO">${value_dict} = {'title': 'THE MATRIX', 'tomatometer_score': '88', 'audience_score': '85', 'rating': 'R', 'tomatometerstate': 'certified-fresh', 'story_line': 'Neo (Keanu Reeves) believes that Morpheus (Laurence Fish...</msg>
<status status="PASS" starttime="20230510 16:31:51.773" endtime="20230510 16:31:51.780"/>
</kw>
<return>
<value>${value_dict}</value>
<status status="PASS" starttime="20230510 16:31:51.780" endtime="20230510 16:31:51.780"/>
</return>
<msg timestamp="20230510 16:31:51.781" level="INFO">${movie_info} = {'title': 'THE MATRIX', 'tomatometer_score': '88', 'audience_score': '85', 'rating': 'R', 'tomatometerstate': 'certified-fresh', 'story_line': 'Neo (Keanu Reeves) believes that Morpheus (Laurence Fish...</msg>
<status status="PASS" starttime="20230510 16:31:49.832" endtime="20230510 16:31:51.782"/>
</kw>
<status status="PASS" starttime="20230510 16:31:46.951" endtime="20230510 16:31:51.782"/>
</branch>
<branch type="ELSE">
<kw name="Set Variable" library="BuiltIn">
<var>${status}</var>
<arg>No exact match found</arg>
<doc>Returns the given values which can then be assigned to a variables.</doc>
<status status="NOT RUN" starttime="20230510 16:31:51.783" endtime="20230510 16:31:51.785"/>
</kw>
<kw name="Create Dictionary" library="BuiltIn">
<var>${movie_info}</var>
<arg>title=${search_value}</arg>
<arg>status=${status}</arg>
<doc>Creates and returns a dictionary based on the given ``items``.</doc>
<status status="NOT RUN" starttime="20230510 16:31:51.786" endtime="20230510 16:31:51.786"/>
</kw>
<status status="NOT RUN" starttime="20230510 16:31:51.783" endtime="20230510 16:31:51.786"/>
</branch>
<status status="PASS" starttime="20230510 16:31:46.950" endtime="20230510 16:31:51.787"/>
</if>
<kw name="Log" library="BuiltIn">
<arg>${movie_info}</arg>
<doc>Logs the given message with the given level.</doc>
<msg timestamp="20230510 16:31:51.788" level="INFO">{'title': 'THE MATRIX', 'tomatometer_score': '88', 'audience_score': '85', 'rating': 'R', 'tomatometerstate': 'certified-fresh', 'story_line': 'Neo (Keanu Reeves) believes that Morpheus (Laurence Fishburne), an elusive figure considered to be the most dangerous man alive, can answer his question -- What is the Matrix? Neo is contacted by Trinity (Carrie-Anne Moss), a beautiful stranger who leads him into an underworld where he meets Morpheus. They fight a brutal battle for their lives against a cadre of viciously intelligent secret agents. It is a truth that could cost Neo something more precious than his life.', 'genres': 'R (Sci-Fi Violence|Brief Language)', 'reviews_1': 'The Matrix does a good job of repackaging Baudrillard’s critique of hyperreality, as well as riffing on Christ, Marx, Lewis Carroll, and L. Frank Baum.', 'reviews_2': 'The Matrix still stands up as a fiercely exciting and discombobulating futurist drama, which pioneered breathtaking bullet-time action sequences inspired by Asian martial arts.', 'reviews_3': 'Neo offers Reeves the perfect combination of Ted Theodore Logans curiosity and wonder, Johnny Utahs earnestness and the badassedness of Jack Traven.', 'reviews_4': 'A technologically stunning movie that furthers the genre and features crowd-pleasing performances to go with the frequent scenes of gunplay and violence.', 'reviews_5': 'Extremely violent, extremely preposterous, extremely entertaining, The Matrix succeeds at two extremely difficult tasks: as a vast, exciting virtual-reality movie and as a defibrillator for Keanu Reeves big screen career.', 'status': 'Sucsess'}</msg>
<status status="PASS" starttime="20230510 16:31:51.787" endtime="20230510 16:31:51.788"/>
</kw>
<kw name="establish connection">
<kw name="Connect To Database Using Custom Params" library="DatabaseLibrary">
<arg>sqlite3</arg>
<arg>database="./${DBName}.db", isolation_level=None</arg>
<doc>Loads the DB API 2.0 module given `dbapiModuleName` then uses it to
connect to the database using the map string `db_custom_param_string`.</doc>
<msg timestamp="20230510 16:31:51.797" level="INFO">Executing : Connect To Database Using Custom Params : sqlite3.connect(db_api_2.connect(database="./moviesInfo.db", isolation_level=None)) </msg>
<status status="PASS" starttime="20230510 16:31:51.791" endtime="20230510 16:31:51.799"/>
</kw>
<status status="PASS" starttime="20230510 16:31:51.789" endtime="20230510 16:31:51.800"/>
</kw>
<try>
<branch type="TRY">
<kw name="Table Must Exist" library="DatabaseLibrary">
<arg>movies</arg>
<doc>Check if the table given exists in the database. Set optional input `sansTran` to True to run command without an
explicit transaction commit or rollback.</doc>
<msg timestamp="20230510 16:31:51.802" level="INFO">Executing : Table Must Exist  |  movies </msg>
<msg timestamp="20230510 16:31:51.802" level="INFO">Executing : Row Count  |  SELECT name FROM sqlite_master WHERE type='table' AND name='movies' COLLATE NOCASE </msg>
<status status="PASS" starttime="20230510 16:31:51.801" endtime="20230510 16:31:51.804"/>
</kw>
<status status="PASS" starttime="20230510 16:31:51.801" endtime="20230510 16:31:51.804"/>
</branch>
<branch type="EXCEPT">
<pattern>Table 'movies' does not exist in the db</pattern>
<kw name="Create table movie">
<status status="NOT RUN" starttime="20230510 16:31:51.805" endtime="20230510 16:31:51.806"/>
</kw>
<status status="NOT RUN" starttime="20230510 16:31:51.805" endtime="20230510 16:31:51.806"/>
</branch>
<branch type="FINALLY">
<kw name="Insert data into tables">
<arg>${movie_info}</arg>
<arg>${TABLE_NAME}</arg>
<kw name="Evaluate" library="BuiltIn">
<var>${data_dict}</var>
<arg>{k: "Not Found" if not v else v for k, v in ${data_dict}.items() }</arg>
<doc>Evaluates the given expression in Python and returns the result.</doc>
<msg timestamp="20230510 16:31:51.809" level="INFO">${data_dict} = {'title': 'THE MATRIX', 'tomatometer_score': '88', 'audience_score': '85', 'rating': 'R', 'tomatometerstate': 'certified-fresh', 'story_line': 'Neo (Keanu Reeves) believes that Morpheus (Laurence Fish...</msg>
<status status="PASS" starttime="20230510 16:31:51.808" endtime="20230510 16:31:51.810"/>
</kw>
<kw name="Get Dictionary Keys" library="Collections">
<var>${keys}</var>
<arg>${data_dict}</arg>
<doc>Returns keys of the given ``dictionary`` as a list.</doc>
<msg timestamp="20230510 16:31:51.812" level="INFO">${keys} = ['audience_score', 'genres', 'rating', 'reviews_1', 'reviews_2', 'reviews_3', 'reviews_4', 'reviews_5', 'status', 'story_line', 'title', 'tomatometer_score', 'tomatometerstate']</msg>
<status status="PASS" starttime="20230510 16:31:51.811" endtime="20230510 16:31:51.812"/>
</kw>
<kw name="Get Dictionary Values" library="Collections">
<var>${values}</var>
<arg>${data_dict}</arg>
<doc>Returns values of the given ``dictionary`` as a list.</doc>
<msg timestamp="20230510 16:31:51.814" level="INFO">${values} = ['85', 'R (Sci-Fi Violence|Brief Language)', 'R', 'The Matrix does a good job of repackaging Baudrillard’s critique of hyperreality, as well as riffing on Christ, Marx, Lewis Carroll, and L. Frank Bau...</msg>
<status status="PASS" starttime="20230510 16:31:51.813" endtime="20230510 16:31:51.814"/>
</kw>
<kw name="Evaluate" library="BuiltIn">
<var>${columns}</var>
<arg>", ".join(${keys})</arg>
<doc>Evaluates the given expression in Python and returns the result.</doc>
<msg timestamp="20230510 16:31:51.817" level="INFO">${columns} = audience_score, genres, rating, reviews_1, reviews_2, reviews_3, reviews_4, reviews_5, status, story_line, title, tomatometer_score, tomatometerstate</msg>
<status status="PASS" starttime="20230510 16:31:51.815" endtime="20230510 16:31:51.817"/>
</kw>
<kw name="Evaluate" library="BuiltIn">
<var>${placeholders}</var>
<arg>("\'"+"\', \'".join(${values})) +"\'"</arg>
<doc>Evaluates the given expression in Python and returns the result.</doc>
<msg timestamp="20230510 16:31:51.819" level="INFO">${placeholders} = '85', 'R (Sci-Fi Violence|Brief Language)', 'R', 'The Matrix does a good job of repackaging Baudrillard’s critique of hyperreality, as well as riffing on Christ, Marx, Lewis Carroll, and L. Frank Baum...</msg>
<status status="PASS" starttime="20230510 16:31:51.818" endtime="20230510 16:31:51.820"/>
</kw>
<kw name="Set Variable" library="BuiltIn">
<var>${query}</var>
<arg>INSERT INTO ${table_name} (${columns}) VALUES (${placeholders});</arg>
<doc>Returns the given values which can then be assigned to a variables.</doc>
<msg timestamp="20230510 16:31:51.822" level="INFO">${query} = INSERT INTO movies (audience_score, genres, rating, reviews_1, reviews_2, reviews_3, reviews_4, reviews_5, status, story_line, title, tomatometer_score, tomatometerstate) VALUES ('85', 'R (Sci-Fi Viol...</msg>
<status status="PASS" starttime="20230510 16:31:51.820" endtime="20230510 16:31:51.823"/>
</kw>
<kw name="Run Keyword And Ignore Error" library="BuiltIn">
<arg>Execute Sql String</arg>
<arg>${query}</arg>
<doc>Runs the given keyword with the given arguments and ignores possible error.</doc>
<kw name="Execute Sql String" library="DatabaseLibrary">
<arg>${query}</arg>
<doc>Executes the sqlString as SQL commands. Useful to pass arguments to your sql. Set optional input `sansTran` to
True to run command without an explicit transaction commit or rollback.</doc>
<msg timestamp="20230510 16:31:51.826" level="INFO">Executing : Execute SQL String  |  INSERT INTO movies (audience_score, genres, rating, reviews_1, reviews_2, reviews_3, reviews_4, reviews_5, status, story_line, title, tomatometer_score, tomatometerstate) VALUES ('85', 'R (Sci-Fi Violence|Brief Language)', 'R', 'The Matrix does a good job of repackaging Baudrillard’s critique of hyperreality, as well as riffing on Christ, Marx, Lewis Carroll, and L. Frank Baum.', 'The Matrix still stands up as a fiercely exciting and discombobulating futurist drama, which pioneered breathtaking bullet-time action sequences inspired by Asian martial arts.', 'Neo offers Reeves the perfect combination of Ted Theodore Logans curiosity and wonder, Johnny Utahs earnestness and the badassedness of Jack Traven.', 'A technologically stunning movie that furthers the genre and features crowd-pleasing performances to go with the frequent scenes of gunplay and violence.', 'Extremely violent, extremely preposterous, extremely entertaining, The Matrix succeeds at two extremely difficult tasks: as a vast, exciting virtual-reality movie and as a defibrillator for Keanu Reeves big screen career.', 'Sucsess', 'Neo (Keanu Reeves) believes that Morpheus (Laurence Fishburne), an elusive figure considered to be the most dangerous man alive, can answer his question -- What is the Matrix? Neo is contacted by Trinity (Carrie-Anne Moss), a beautiful stranger who leads him into an underworld where he meets Morpheus. They fight a brutal battle for their lives against a cadre of viciously intelligent secret agents. It is a truth that could cost Neo something more precious than his life.', 'THE MATRIX', '88', 'certified-fresh'); </msg>
<status status="PASS" starttime="20230510 16:31:51.824" endtime="20230510 16:31:52.246"/>
</kw>
<status status="PASS" starttime="20230510 16:31:51.823" endtime="20230510 16:31:52.246"/>
</kw>
<status status="PASS" starttime="20230510 16:31:51.807" endtime="20230510 16:31:52.247"/>
</kw>
<status status="PASS" starttime="20230510 16:31:51.806" endtime="20230510 16:31:52.247"/>
</branch>
<status status="PASS" starttime="20230510 16:31:51.800" endtime="20230510 16:31:52.248"/>
</try>
<status status="PASS" starttime="20230510 16:31:36.253" endtime="20230510 16:31:52.248"/>
</iter>
<iter>
<var name="${search_value}">{'Movie': 'Titanic'}</var>
<kw name="Set Variable" library="BuiltIn">
<var>${search_value}</var>
<arg>${search_value}[Movie]</arg>
<doc>Returns the given values which can then be assigned to a variables.</doc>
<msg timestamp="20230510 16:31:52.250" level="INFO">${search_value} = Titanic</msg>
<status status="PASS" starttime="20230510 16:31:52.249" endtime="20230510 16:31:52.250"/>
</kw>
<kw name="Open browser and search">
<arg>${search_value}</arg>
<kw name="Go To" library="RPA.Browser.Selenium">
<arg>${BASE_URL}${search_value}</arg>
<doc>Navigates the current browser window to the provided ``url``.</doc>
<msg timestamp="20230510 16:31:52.260" level="INFO">Opening url 'https://www.rottentomatoes.com/search?search=Titanic'</msg>
<status status="PASS" starttime="20230510 16:31:52.256" endtime="20230510 16:31:55.118"/>
</kw>
<kw name="Click Element" library="RPA.Browser.Selenium">
<arg>xpath://li[@data-filter='movie']</arg>
<doc>Click the element identified by ``locator``.</doc>
<msg timestamp="20230510 16:31:55.120" level="INFO">Clicking element 'xpath://li[@data-filter='movie']'.</msg>
<status status="PASS" starttime="20230510 16:31:55.119" endtime="20230510 16:31:55.817"/>
</kw>
<status status="PASS" starttime="20230510 16:31:52.250" endtime="20230510 16:31:55.818"/>
</kw>
<kw name="extract similar movies">
<var>${search_results}</var>
<arg>${search_value}</arg>
<kw name="Wait Until Element Is Visible" library="RPA.Browser.Selenium">
<arg>xpath://search-page-result[@type='movie']//ul[@slot='list']</arg>
<doc>Waits until the element ``locator`` is visible.</doc>
<status status="PASS" starttime="20230510 16:31:55.820" endtime="20230510 16:31:55.934"/>
</kw>
<kw name="Get WebElements" library="RPA.Browser.Selenium">
<var>${search_results}</var>
<arg>xpath://search-page-result[@type='movie']//ul[@slot='list']//a[@class='unset']</arg>
<doc>Returns a list of WebElement objects matching the ``locator``.</doc>
<msg timestamp="20230510 16:31:55.958" level="INFO">${search_results} = [&lt;selenium.webdriver.remote.webelement.WebElement (session="e87acd4cbc69052dbbd8996ec2e87ceb", element="9ad073fe-dabf-41a1-b498-ec6e7d56ebe8")&gt;, &lt;selenium.webdriver.remote.webelement.WebElement (sessi...</msg>
<status status="PASS" starttime="20230510 16:31:55.935" endtime="20230510 16:31:55.958"/>
</kw>
<return>
<value>${search_results}</value>
<status status="PASS" starttime="20230510 16:31:55.959" endtime="20230510 16:31:55.959"/>
</return>
<msg timestamp="20230510 16:31:55.961" level="INFO">${search_results} = [&lt;selenium.webdriver.remote.webelement.WebElement (session="e87acd4cbc69052dbbd8996ec2e87ceb", element="9ad073fe-dabf-41a1-b498-ec6e7d56ebe8")&gt;, &lt;selenium.webdriver.remote.webelement.WebElement (sessi...</msg>
<status status="PASS" starttime="20230510 16:31:55.819" endtime="20230510 16:31:55.961"/>
</kw>
<kw name="Find match and navigate if found">
<var>${match_link}</var>
<arg>${search_results}</arg>
<arg>${search_value}</arg>
<for flavor="IN">
<var>${search_result}</var>
<value>@{search_results}[1:]</value>
<iter>
<var name="${search_result}">&lt;selenium.webdriver.remote.webelement.WebElement (session="e87acd4cbc69052dbbd8996ec2e87ceb", element="bda44312-9b0c-4036-904c-83e0c60a4f09")&gt;</var>
<kw name="Set Variable" library="BuiltIn">
<var>${text}</var>
<arg>nothing</arg>
<doc>Returns the given values which can then be assigned to a variables.</doc>
<msg timestamp="20230510 16:31:55.967" level="INFO">${text} = nothing</msg>
<status status="PASS" starttime="20230510 16:31:55.966" endtime="20230510 16:31:55.967"/>
</kw>
<kw name="Get Text" library="RPA.Browser.Selenium">
<var>${text}</var>
<arg>${search_result}</arg>
<doc>Returns the text value of the element identified by ``locator``.</doc>
<msg timestamp="20230510 16:31:56.005" level="INFO">${text} = Titanic</msg>
<status status="PASS" starttime="20230510 16:31:55.967" endtime="20230510 16:31:56.006"/>
</kw>
<kw name="Convert To Lower Case" library="String">
<var>${text}</var>
<arg>${text}</arg>
<doc>Converts string to lower case.</doc>
<msg timestamp="20230510 16:31:56.008" level="INFO">${text} = titanic</msg>
<status status="PASS" starttime="20230510 16:31:56.007" endtime="20230510 16:31:56.008"/>
</kw>
<kw name="Convert To Lower Case" library="String">
<var>${search_value}</var>
<arg>${search_value}</arg>
<doc>Converts string to lower case.</doc>
<msg timestamp="20230510 16:31:56.010" level="INFO">${search_value} = titanic</msg>
<status status="PASS" starttime="20230510 16:31:56.009" endtime="20230510 16:31:56.011"/>
</kw>
<if>
<branch type="IF" condition="'${text}' == '${search_value}'">
<kw name="Get Element Attribute" library="RPA.Browser.Selenium">
<var>${match_link}</var>
<arg>${search_result}</arg>
<arg>href</arg>
<doc>Returns the value of ``attribute`` from the element ``locator``.</doc>
<msg timestamp="20230510 16:31:56.050" level="INFO">${match_link} = https://www.rottentomatoes.com/m/titanic_2012</msg>
<status status="PASS" starttime="20230510 16:31:56.012" endtime="20230510 16:31:56.050"/>
</kw>
<break>
<status status="PASS" starttime="20230510 16:31:56.051" endtime="20230510 16:31:56.051"/>
</break>
<status status="PASS" starttime="20230510 16:31:56.011" endtime="20230510 16:31:56.052"/>
</branch>
<status status="PASS" starttime="20230510 16:31:56.011" endtime="20230510 16:31:56.052"/>
</if>
<status status="PASS" starttime="20230510 16:31:55.966" endtime="20230510 16:31:56.052"/>
</iter>
<status status="PASS" starttime="20230510 16:31:55.965" endtime="20230510 16:31:56.053"/>
</for>
<return>
<value>${match_link}</value>
<status status="PASS" starttime="20230510 16:31:56.053" endtime="20230510 16:31:56.054"/>
</return>
<msg timestamp="20230510 16:31:56.056" level="INFO">${match_link} = https://www.rottentomatoes.com/m/titanic_2012</msg>
<status status="PASS" starttime="20230510 16:31:55.962" endtime="20230510 16:31:56.057"/>
</kw>
<if>
<branch type="IF" condition="'${match_link}' != '${None}'">
<kw name="navigate to movie">
<arg>${match_link}</arg>
<kw name="Go To" library="RPA.Browser.Selenium">
<arg>${match_link}</arg>
<doc>Navigates the current browser window to the provided ``url``.</doc>
<msg timestamp="20230510 16:31:56.063" level="INFO">Opening url 'https://www.rottentomatoes.com/m/titanic_2012'</msg>
<status status="PASS" starttime="20230510 16:31:56.062" endtime="20230510 16:31:59.020"/>
</kw>
<status status="PASS" starttime="20230510 16:31:56.059" endtime="20230510 16:31:59.021"/>
</kw>
<kw name="Get movie detail">
<var>${movie_info}</var>
<arg>${search_value}</arg>
<kw name="Set Variable" library="BuiltIn">
<var>${status}</var>
<arg>Sucsess</arg>
<doc>Returns the given values which can then be assigned to a variables.</doc>
<msg timestamp="20230510 16:31:59.023" level="INFO">${status} = Sucsess</msg>
<status status="PASS" starttime="20230510 16:31:59.022" endtime="20230510 16:31:59.024"/>
</kw>
<kw name="Wait Until Element Is Visible" library="RPA.Browser.Selenium">
<arg>id:topSection</arg>
<doc>Waits until the element ``locator`` is visible.</doc>
<status status="PASS" starttime="20230510 16:31:59.024" endtime="20230510 16:31:59.419"/>
</kw>
<kw name="Sleep" library="BuiltIn">
<arg>1s</arg>
<doc>Pauses the test executed for the given time.</doc>
<msg timestamp="20230510 16:32:00.420" level="INFO">Slept 1 second</msg>
<status status="PASS" starttime="20230510 16:31:59.420" endtime="20230510 16:32:00.421"/>
</kw>
<kw name="Get Text" library="RPA.Browser.Selenium">
<var>${title}</var>
<arg>xpath:/html/body/div[3]/main/div/section/div[2]/section[1]/div[1]/score-board/h1</arg>
<doc>Returns the text value of the element identified by ``locator``.</doc>
<msg timestamp="20230510 16:32:00.506" level="INFO">${title} = TITANIC</msg>
<status status="PASS" starttime="20230510 16:32:00.423" endtime="20230510 16:32:00.506"/>
</kw>
<kw name="Get Element Attribute" library="RPA.Browser.Selenium">
<var>${tomatometer_score}</var>
<arg>xpath=//score-board[@data-qa="score-panel"]</arg>
<arg>tomatometerscore</arg>
<doc>Returns the value of ``attribute`` from the element ``locator``.</doc>
<msg timestamp="20230510 16:32:00.570" level="INFO">${tomatometer_score} = </msg>
<status status="PASS" starttime="20230510 16:32:00.507" endtime="20230510 16:32:00.571"/>
</kw>
<kw name="Get Element Attribute" library="RPA.Browser.Selenium">
<var>${audience_score}</var>
<arg>xpath=//score-board[@data-qa="score-panel"]</arg>
<arg>audiencescore</arg>
<doc>Returns the value of ``attribute`` from the element ``locator``.</doc>
<msg timestamp="20230510 16:32:00.644" level="INFO">${audience_score} = </msg>
<status status="PASS" starttime="20230510 16:32:00.572" endtime="20230510 16:32:00.644"/>
</kw>
<kw name="Get Element Attribute" library="RPA.Browser.Selenium">
<var>${rating}</var>
<arg>xpath=//score-board[@data-qa="score-panel"]</arg>
<arg>rating</arg>
<doc>Returns the value of ``attribute`` from the element ``locator``.</doc>
<msg timestamp="20230510 16:32:00.679" level="INFO">${rating} = </msg>
<status status="PASS" starttime="20230510 16:32:00.645" endtime="20230510 16:32:00.679"/>
</kw>
<kw name="Get Element Attribute" library="RPA.Browser.Selenium">
<var>${tomatometerstate}</var>
<arg>xpath=//score-board[@data-qa="score-panel"]</arg>
<arg>tomatometerstate</arg>
<doc>Returns the value of ``attribute`` from the element ``locator``.</doc>
<msg timestamp="20230510 16:32:00.700" level="INFO">${tomatometerstate} = </msg>
<status status="PASS" starttime="20230510 16:32:00.680" endtime="20230510 16:32:00.700"/>
</kw>
<kw name="Wait Until Element Is Visible" library="RPA.Browser.Selenium">
<arg>id:movie-info</arg>
<doc>Waits until the element ``locator`` is visible.</doc>
<status status="PASS" starttime="20230510 16:32:00.701" endtime="20230510 16:32:00.720"/>
</kw>
<kw name="Get Text" library="RPA.Browser.Selenium">
<var>${story_line}</var>
<arg>xpath://p[@data-qa='movie-info-synopsis']</arg>
<doc>Returns the text value of the element identified by ``locator``.</doc>
<msg timestamp="20230510 16:32:00.747" level="INFO">${story_line} = The unsinkable R.M.S. Titanic departs Southampton on April 10, 1912, but never reaches its final destination. It sinks on April 15 after hitting an iceberg.</msg>
<status status="PASS" starttime="20230510 16:32:00.720" endtime="20230510 16:32:00.747"/>
</kw>
<kw name="Get Text" library="RPA.Browser.Selenium">
<var>${genres}</var>
<arg>xpath://*[@id="info"]/li[1]/p/span</arg>
<doc>Returns the text value of the element identified by ``locator``.</doc>
<msg timestamp="20230510 16:32:00.774" level="INFO">${genres} = Adventure, History, Drama</msg>
<status status="PASS" starttime="20230510 16:32:00.747" endtime="20230510 16:32:00.774"/>
</kw>
<kw name="Wait Until Element Is Visible" library="RPA.Browser.Selenium">
<arg>id:critics-reviews</arg>
<doc>Waits until the element ``locator`` is visible.</doc>
<status status="PASS" starttime="20230510 16:32:00.774" endtime="20230510 16:32:00.806"/>
</kw>
<kw name="Get WebElements" library="RPA.Browser.Selenium">
<var>${review_ballon_list}</var>
<arg>xpath://review-speech-balloon[@data-qa="critic-review"]</arg>
<doc>Returns a list of WebElement objects matching the ``locator``.</doc>
<msg timestamp="20230510 16:32:00.824" level="INFO">${review_ballon_list} = []</msg>
<status status="PASS" starttime="20230510 16:32:00.807" endtime="20230510 16:32:00.824"/>
</kw>
<kw name="Create Dictionary" library="BuiltIn">
<var>${review_quotes}</var>
<doc>Creates and returns a dictionary based on the given ``items``.</doc>
<msg timestamp="20230510 16:32:00.825" level="INFO">${review_quotes} = {}</msg>
<status status="PASS" starttime="20230510 16:32:00.824" endtime="20230510 16:32:00.826"/>
</kw>
<kw name="Set Variable" library="BuiltIn">
<var>${review_count}</var>
<arg>1</arg>
<doc>Returns the given values which can then be assigned to a variables.</doc>
<msg timestamp="20230510 16:32:00.827" level="INFO">${review_count} = 1</msg>
<status status="PASS" starttime="20230510 16:32:00.826" endtime="20230510 16:32:00.827"/>
</kw>
<for flavor="IN">
<var>${review}</var>
<value>@{review_ballon_list}</value>
<iter>
<var name="${review}"/>
<kw name="Get Element Attribute" library="RPA.Browser.Selenium">
[...]
<arg>Exit For Loop</arg>
<doc>Runs the given keyword with the given arguments, if ``condition`` is true.</doc>
<status status="PASS" starttime="20230510 16:32:26.935" endtime="20230510 16:32:26.936"/>
</kw>
<status status="PASS" starttime="20230510 16:32:26.905" endtime="20230510 16:32:26.936"/>
</iter>
<iter>
<var name="${review}">&lt;selenium.webdriver.remote.webelement.WebElement (session="e87acd4cbc69052dbbd8996ec2e87ceb", element="3754fcdb-d8c8-4735-b83b-b1219ffbb344")&gt;</var>
<kw name="Get Element Attribute" library="RPA.Browser.Selenium">
<var>${review_quote}</var>
<arg>${review}</arg>
<arg>reviewquote</arg>
<doc>Returns the value of ``attribute`` from the element ``locator``.</doc>
<msg timestamp="20230510 16:32:26.961" level="INFO">${review_quote} = Beyond the Dream is a lovely depiction of something very real and mostly unheard of. Sure, inspirational stories like these are common but they don’t necessarily have happy endings. This one does and ...</msg>
<status status="PASS" starttime="20230510 16:32:26.937" endtime="20230510 16:32:26.962"/>
</kw>
<kw name="Remove Punctuations">
<var>${review_quote}</var>
<arg>${review_quote}</arg>
<kw name="Set Variable" library="BuiltIn">
<var>${pattern}</var>
<arg>[\"']</arg>
<doc>Returns the given values which can then be assigned to a variables.</doc>
<msg timestamp="20230510 16:32:26.965" level="INFO">${pattern} = ["']</msg>
<status status="PASS" starttime="20230510 16:32:26.964" endtime="20230510 16:32:26.965"/>
</kw>
<kw name="Replace String Using Regexp" library="String">
<var>${result}</var>
<arg>${string}</arg>
<arg>${pattern}</arg>
<arg>${EMPTY}</arg>
<doc>Replaces ``pattern`` in the given ``string`` with ``replace_with``.</doc>
<msg timestamp="20230510 16:32:26.972" level="INFO">${result} = Beyond the Dream is a lovely depiction of something very real and mostly unheard of. Sure, inspirational stories like these are common but they don’t necessarily have happy endings. This one does and ...</msg>
<status status="PASS" starttime="20230510 16:32:26.969" endtime="20230510 16:32:26.973"/>
</kw>
<msg timestamp="20230510 16:32:26.974" level="INFO">${review_quote} = Beyond the Dream is a lovely depiction of something very real and mostly unheard of. Sure, inspirational stories like these are common but they don’t necessarily have happy endings. This one does and ...</msg>
<status status="PASS" starttime="20230510 16:32:26.962" endtime="20230510 16:32:26.975"/>
</kw>
<kw name="Set To Dictionary" library="Collections">
<arg>${review_quotes}</arg>
<arg>review_${review_count}</arg>
<arg>${review_quote}</arg>
<doc>Adds the given ``key_value_pairs`` and ``items`` to the ``dictionary``.</doc>
<status status="PASS" starttime="20230510 16:32:26.975" endtime="20230510 16:32:26.977"/>
</kw>
<kw name="Evaluate" library="BuiltIn">
<var>${review_count}</var>
<arg>${review_count}+1</arg>
<doc>Evaluates the given expression in Python and returns the result.</doc>
<msg timestamp="20230510 16:32:26.979" level="INFO">${review_count} = 3</msg>
<status status="PASS" starttime="20230510 16:32:26.977" endtime="20230510 16:32:26.979"/>
</kw>
<kw name="Run Keyword If" library="BuiltIn">
<arg>${review_count} &gt; 5</arg>
<arg>Exit For Loop</arg>
<doc>Runs the given keyword with the given arguments, if ``condition`` is true.</doc>
<status status="PASS" starttime="20230510 16:32:26.980" endtime="20230510 16:32:26.981"/>
</kw>
<status status="PASS" starttime="20230510 16:32:26.937" endtime="20230510 16:32:26.981"/>
</iter>
<iter>
<var name="${review}">&lt;selenium.webdriver.remote.webelement.WebElement (session="e87acd4cbc69052dbbd8996ec2e87ceb", element="87b4f45d-c656-45dd-a9de-06c070a82009")&gt;</var>
<kw name="Get Element Attribute" library="RPA.Browser.Selenium">
<var>${review_quote}</var>
<arg>${review}</arg>
<arg>reviewquote</arg>
<doc>Returns the value of ``attribute`` from the element ``locator``.</doc>
<msg timestamp="20230510 16:32:27.002" level="INFO">${review_quote} = A great reminder that there are opportunities out there for future students who may not know where to start their college path.</msg>
<status status="PASS" starttime="20230510 16:32:26.982" endtime="20230510 16:32:27.004"/>
</kw>
<kw name="Remove Punctuations">
<var>${review_quote}</var>
<arg>${review_quote}</arg>
<kw name="Set Variable" library="BuiltIn">
<var>${pattern}</var>
<arg>[\"']</arg>
<doc>Returns the given values which can then be assigned to a variables.</doc>
<msg timestamp="20230510 16:32:27.007" level="INFO">${pattern} = ["']</msg>
<status status="PASS" starttime="20230510 16:32:27.007" endtime="20230510 16:32:27.010"/>
</kw>
<kw name="Replace String Using Regexp" library="String">
<var>${result}</var>
<arg>${string}</arg>
<arg>${pattern}</arg>
<arg>${EMPTY}</arg>
<doc>Replaces ``pattern`` in the given ``string`` with ``replace_with``.</doc>
<msg timestamp="20230510 16:32:27.017" level="INFO">${result} = A great reminder that there are opportunities out there for future students who may not know where to start their college path.</msg>
<status status="PASS" starttime="20230510 16:32:27.011" endtime="20230510 16:32:27.018"/>
</kw>
<msg timestamp="20230510 16:32:27.019" level="INFO">${review_quote} = A great reminder that there are opportunities out there for future students who may not know where to start their college path.</msg>
<status status="PASS" starttime="20230510 16:32:27.005" endtime="20230510 16:32:27.019"/>
</kw>
<kw name="Set To Dictionary" library="Collections">
<arg>${review_quotes}</arg>
<arg>review_${review_count}</arg>
<arg>${review_quote}</arg>
<doc>Adds the given ``key_value_pairs`` and ``items`` to the ``dictionary``.</doc>
<status status="PASS" starttime="20230510 16:32:27.020" endtime="20230510 16:32:27.022"/>
</kw>
<kw name="Evaluate" library="BuiltIn">
<var>${review_count}</var>
<arg>${review_count}+1</arg>
<doc>Evaluates the given expression in Python and returns the result.</doc>
<msg timestamp="20230510 16:32:27.028" level="INFO">${review_count} = 4</msg>
<status status="PASS" starttime="20230510 16:32:27.022" endtime="20230510 16:32:27.029"/>
</kw>
<kw name="Run Keyword If" library="BuiltIn">
<arg>${review_count} &gt; 5</arg>
<arg>Exit For Loop</arg>
<doc>Runs the given keyword with the given arguments, if ``condition`` is true.</doc>
<status status="PASS" starttime="20230510 16:32:27.029" endtime="20230510 16:32:27.030"/>
</kw>
<status status="PASS" starttime="20230510 16:32:26.982" endtime="20230510 16:32:27.031"/>
</iter>
<status status="PASS" starttime="20230510 16:32:26.905" endtime="20230510 16:32:27.031"/>
</for>
<while condition="${review_count} &lt;= 5">
<iter>
<kw name="Set To Dictionary" library="Collections">
<arg>${review_quotes}</arg>
<arg>review_${review_count}</arg>
<arg>${None}</arg>
<doc>Adds the given ``key_value_pairs`` and ``items`` to the ``dictionary``.</doc>
<status status="PASS" starttime="20230510 16:32:27.033" endtime="20230510 16:32:27.035"/>
</kw>
<kw name="Evaluate" library="BuiltIn">
<var>${review_count}</var>
<arg>${review_count}+1</arg>
<doc>Evaluates the given expression in Python and returns the result.</doc>
<msg timestamp="20230510 16:32:27.039" level="INFO">${review_count} = 5</msg>
<status status="PASS" starttime="20230510 16:32:27.036" endtime="20230510 16:32:27.040"/>
</kw>
<status status="PASS" starttime="20230510 16:32:27.033" endtime="20230510 16:32:27.040"/>
</iter>
<iter>
<kw name="Set To Dictionary" library="Collections">
<arg>${review_quotes}</arg>
<arg>review_${review_count}</arg>
<arg>${None}</arg>
<doc>Adds the given ``key_value_pairs`` and ``items`` to the ``dictionary``.</doc>
<status status="PASS" starttime="20230510 16:32:27.042" endtime="20230510 16:32:27.044"/>
</kw>
<kw name="Evaluate" library="BuiltIn">
<var>${review_count}</var>
<arg>${review_count}+1</arg>
<doc>Evaluates the given expression in Python and returns the result.</doc>
<msg timestamp="20230510 16:32:27.046" level="INFO">${review_count} = 6</msg>
<status status="PASS" starttime="20230510 16:32:27.044" endtime="20230510 16:32:27.046"/>
</kw>
<status status="PASS" starttime="20230510 16:32:27.042" endtime="20230510 16:32:27.047"/>
</iter>
<status status="PASS" starttime="20230510 16:32:27.032" endtime="20230510 16:32:27.047"/>
</while>
<kw name="Create Dictionary" library="BuiltIn">
<var>${value_dict}</var>
<arg>title=${title}</arg>
<arg>tomatometer_score=${tomatometer_score}</arg>
<arg>audience_score=${audience_score}</arg>
<arg>rating=${rating}</arg>
<arg>tomatometerstate=${tomatometerstate}</arg>
<arg>story_line=${story_line}</arg>
<arg>genres=${genres}</arg>
<arg>reviews_1=${review_quotes}[review_1]</arg>
<arg>reviews_2=${review_quotes}[review_2]</arg>
<arg>reviews_3=${review_quotes}[review_3]</arg>
<arg>reviews_4=${review_quotes}[review_4]</arg>
<arg>reviews_5=${review_quotes}[review_5]</arg>
<arg>status=${status}</arg>
<doc>Creates and returns a dictionary based on the given ``items``.</doc>
<msg timestamp="20230510 16:32:27.051" level="INFO">${value_dict} = {'title': 'BEYOND THE DREAM', 'tomatometer_score': '', 'audience_score': '', 'rating': '', 'tomatometerstate': '', 'story_line': 'The true story of two high school teachers who started a program to ta...</msg>
<status status="PASS" starttime="20230510 16:32:27.048" endtime="20230510 16:32:27.052"/>
</kw>
<return>
<value>${value_dict}</value>
<status status="PASS" starttime="20230510 16:32:27.052" endtime="20230510 16:32:27.053"/>
</return>
<msg timestamp="20230510 16:32:27.054" level="INFO">${movie_info} = {'title': 'BEYOND THE DREAM', 'tomatometer_score': '', 'audience_score': '', 'rating': '', 'tomatometerstate': '', 'story_line': 'The true story of two high school teachers who started a program to ta...</msg>
<status status="PASS" starttime="20230510 16:32:25.444" endtime="20230510 16:32:27.054"/>
</kw>
<status status="PASS" starttime="20230510 16:32:22.308" endtime="20230510 16:32:27.055"/>
</branch>
<branch type="ELSE">
<kw name="Set Variable" library="BuiltIn">
<var>${status}</var>
<arg>No exact match found</arg>
<doc>Returns the given values which can then be assigned to a variables.</doc>
<status status="NOT RUN" starttime="20230510 16:32:27.057" endtime="20230510 16:32:27.057"/>
</kw>
<kw name="Create Dictionary" library="BuiltIn">
<var>${movie_info}</var>
<arg>title=${search_value}</arg>
<arg>status=${status}</arg>
<doc>Creates and returns a dictionary based on the given ``items``.</doc>
<status status="NOT RUN" starttime="20230510 16:32:27.057" endtime="20230510 16:32:27.058"/>
</kw>
<status status="NOT RUN" starttime="20230510 16:32:27.056" endtime="20230510 16:32:27.058"/>
</branch>
<status status="PASS" starttime="20230510 16:32:22.308" endtime="20230510 16:32:27.058"/>
</if>
<kw name="Log" library="BuiltIn">
<arg>${movie_info}</arg>
<doc>Logs the given message with the given level.</doc>
<msg timestamp="20230510 16:32:27.059" level="INFO">{'title': 'BEYOND THE DREAM', 'tomatometer_score': '', 'audience_score': '', 'rating': '', 'tomatometerstate': '', 'story_line': 'The true story of two high school teachers who started a program to take students from El Paso on a journey to visit Ivy League schools in the east coast, to inspire them and help them realize what they can achieve.', 'genres': 'Documentary', 'reviews_1': 'There is a gem of inspiration at the film’s core, but the slow pacing and lack of story undermine it.', 'reviews_2': 'Beyond the Dream is a lovely depiction of something very real and mostly unheard of. Sure, inspirational stories like these are common but they don’t necessarily have happy endings. This one does and it will lift you up.', 'reviews_3': 'A great reminder that there are opportunities out there for future students who may not know where to start their college path.', 'reviews_4': None, 'reviews_5': None, 'status': 'Sucsess'}</msg>
<status status="PASS" starttime="20230510 16:32:27.058" endtime="20230510 16:32:27.059"/>
</kw>
<kw name="establish connection">
<kw name="Connect To Database Using Custom Params" library="DatabaseLibrary">
<arg>sqlite3</arg>
<arg>database="./${DBName}.db", isolation_level=None</arg>
<doc>Loads the DB API 2.0 module given `dbapiModuleName` then uses it to
connect to the database using the map string `db_custom_param_string`.</doc>
<msg timestamp="20230510 16:32:27.061" level="INFO">Executing : Connect To Database Using Custom Params : sqlite3.connect(db_api_2.connect(database="./moviesInfo.db", isolation_level=None)) </msg>
<status status="PASS" starttime="20230510 16:32:27.060" endtime="20230510 16:32:27.063"/>
</kw>
<status status="PASS" starttime="20230510 16:32:27.060" endtime="20230510 16:32:27.064"/>
</kw>
<try>
<branch type="TRY">
<kw name="Table Must Exist" library="DatabaseLibrary">
<arg>movies</arg>
<doc>Check if the table given exists in the database. Set optional input `sansTran` to True to run command without an
explicit transaction commit or rollback.</doc>
<msg timestamp="20230510 16:32:27.066" level="INFO">Executing : Table Must Exist  |  movies </msg>
<msg timestamp="20230510 16:32:27.066" level="INFO">Executing : Row Count  |  SELECT name FROM sqlite_master WHERE type='table' AND name='movies' COLLATE NOCASE </msg>
<status status="PASS" starttime="20230510 16:32:27.065" endtime="20230510 16:32:27.067"/>
</kw>
<status status="PASS" starttime="20230510 16:32:27.064" endtime="20230510 16:32:27.067"/>
</branch>
<branch type="EXCEPT">
<pattern>Table 'movies' does not exist in the db</pattern>
<kw name="Create table movie">
<status status="NOT RUN" starttime="20230510 16:32:27.068" endtime="20230510 16:32:27.069"/>
</kw>
<status status="NOT RUN" starttime="20230510 16:32:27.068" endtime="20230510 16:32:27.069"/>
</branch>
<branch type="FINALLY">
<kw name="Insert data into tables">
<arg>${movie_info}</arg>
<arg>${TABLE_NAME}</arg>
<kw name="Evaluate" library="BuiltIn">
<var>${data_dict}</var>
<arg>{k: "Not Found" if not v else v for k, v in ${data_dict}.items() }</arg>
<doc>Evaluates the given expression in Python and returns the result.</doc>
<msg timestamp="20230510 16:32:27.073" level="INFO">${data_dict} = {'title': 'BEYOND THE DREAM', 'tomatometer_score': 'Not Found', 'audience_score': 'Not Found', 'rating': 'Not Found', 'tomatometerstate': 'Not Found', 'story_line': 'The true story of two high school ...</msg>
<status status="PASS" starttime="20230510 16:32:27.071" endtime="20230510 16:32:27.074"/>
</kw>
<kw name="Get Dictionary Keys" library="Collections">
<var>${keys}</var>
<arg>${data_dict}</arg>
<doc>Returns keys of the given ``dictionary`` as a list.</doc>
<msg timestamp="20230510 16:32:27.075" level="INFO">${keys} = ['audience_score', 'genres', 'rating', 'reviews_1', 'reviews_2', 'reviews_3', 'reviews_4', 'reviews_5', 'status', 'story_line', 'title', 'tomatometer_score', 'tomatometerstate']</msg>
<status status="PASS" starttime="20230510 16:32:27.074" endtime="20230510 16:32:27.076"/>
</kw>
<kw name="Get Dictionary Values" library="Collections">
<var>${values}</var>
<arg>${data_dict}</arg>
<doc>Returns values of the given ``dictionary`` as a list.</doc>
<msg timestamp="20230510 16:32:27.077" level="INFO">${values} = ['Not Found', 'Documentary', 'Not Found', 'There is a gem of inspiration at the film’s core, but the slow pacing and lack of story undermine it.', 'Beyond the Dream is a lovely depiction of something ...</msg>
<status status="PASS" starttime="20230510 16:32:27.076" endtime="20230510 16:32:27.078"/>
</kw>
<kw name="Evaluate" library="BuiltIn">
<var>${columns}</var>
<arg>", ".join(${keys})</arg>
<doc>Evaluates the given expression in Python and returns the result.</doc>
<msg timestamp="20230510 16:32:27.081" level="INFO">${columns} = audience_score, genres, rating, reviews_1, reviews_2, reviews_3, reviews_4, reviews_5, status, story_line, title, tomatometer_score, tomatometerstate</msg>
<status status="PASS" starttime="20230510 16:32:27.080" endtime="20230510 16:32:27.081"/>
</kw>
<kw name="Evaluate" library="BuiltIn">
<var>${placeholders}</var>
<arg>("\'"+"\', \'".join(${values})) +"\'"</arg>
<doc>Evaluates the given expression in Python and returns the result.</doc>
<msg timestamp="20230510 16:32:27.083" level="INFO">${placeholders} = 'Not Found', 'Documentary', 'Not Found', 'There is a gem of inspiration at the film’s core, but the slow pacing and lack of story undermine it.', 'Beyond the Dream is a lovely depiction of something v...</msg>
<status status="PASS" starttime="20230510 16:32:27.082" endtime="20230510 16:32:27.083"/>
</kw>
<kw name="Set Variable" library="BuiltIn">
<var>${query}</var>
<arg>INSERT INTO ${table_name} (${columns}) VALUES (${placeholders});</arg>
<doc>Returns the given values which can then be assigned to a variables.</doc>
<msg timestamp="20230510 16:32:27.086" level="INFO">${query} = INSERT INTO movies (audience_score, genres, rating, reviews_1, reviews_2, reviews_3, reviews_4, reviews_5, status, story_line, title, tomatometer_score, tomatometerstate) VALUES ('Not Found', 'Documen...</msg>
<status status="PASS" starttime="20230510 16:32:27.084" endtime="20230510 16:32:27.086"/>
</kw>
<kw name="Run Keyword And Ignore Error" library="BuiltIn">
<arg>Execute Sql String</arg>
<arg>${query}</arg>
<doc>Runs the given keyword with the given arguments and ignores possible error.</doc>
<kw name="Execute Sql String" library="DatabaseLibrary">
<arg>${query}</arg>
<doc>Executes the sqlString as SQL commands. Useful to pass arguments to your sql. Set optional input `sansTran` to
True to run command without an explicit transaction commit or rollback.</doc>
<msg timestamp="20230510 16:32:27.089" level="INFO">Executing : Execute SQL String  |  INSERT INTO movies (audience_score, genres, rating, reviews_1, reviews_2, reviews_3, reviews_4, reviews_5, status, story_line, title, tomatometer_score, tomatometerstate) VALUES ('Not Found', 'Documentary', 'Not Found', 'There is a gem of inspiration at the film’s core, but the slow pacing and lack of story undermine it.', 'Beyond the Dream is a lovely depiction of something very real and mostly unheard of. Sure, inspirational stories like these are common but they don’t necessarily have happy endings. This one does and it will lift you up.', 'A great reminder that there are opportunities out there for future students who may not know where to start their college path.', 'Not Found', 'Not Found', 'Sucsess', 'The true story of two high school teachers who started a program to take students from El Paso on a journey to visit Ivy League schools in the east coast, to inspire them and help them realize what they can achieve.', 'BEYOND THE DREAM', 'Not Found', 'Not Found'); </msg>
<status status="PASS" starttime="20230510 16:32:27.088" endtime="20230510 16:32:28.440"/>
</kw>
<status status="PASS" starttime="20230510 16:32:27.087" endtime="20230510 16:32:28.441"/>
</kw>
<status status="PASS" starttime="20230510 16:32:27.070" endtime="20230510 16:32:28.442"/>
</kw>
<status status="PASS" starttime="20230510 16:32:27.069" endtime="20230510 16:32:28.442"/>
</branch>
<status status="PASS" starttime="20230510 16:32:27.064" endtime="20230510 16:32:28.442"/>
</try>
<status status="PASS" starttime="20230510 16:32:18.639" endtime="20230510 16:32:28.442"/>
</iter>
<status status="PASS" starttime="20230510 16:31:36.250" endtime="20230510 16:32:28.442"/>
</for>
<status status="PASS" starttime="20230510 16:31:34.749" endtime="20230510 16:32:28.443"/>
</test>
<doc>Rotten Tomato Automation</doc>
<status status="PASS" starttime="20230510 16:31:33.243" endtime="20230510 16:32:28.446"/>
</suite>
<statistics>
<total>
<stat pass="1" fail="0" skip="0">All Tasks</stat>
</total>
<tag>
</tag>
<suite>
<stat pass="1" fail="0" skip="0" id="s1" name="Tasks">Tasks</stat>
</suite>
</statistics>
<errors>
<msg timestamp="20230510 16:31:34.744" level="ERROR">Error in file '/home/karx/Documents/intern Assi/tasks.robot' on line 10: Error in file '/home/karx/Documents/intern Assi/database.robot' on line 11: Resource file with 'Tasks' section is invalid.</msg>
</errors>
</robot>
